<html xmlns:math="http://exslt.org/math" xmlns:testng="http://testng.org">
   <head>
      <title>TestNG Results</title>
      <meta http-equiv="content-type" content="text/html; charset=utf-8"></meta>
      <meta http-equiv="pragma" content="no-cache"></meta>
      <meta http-equiv="cache-control" content="max-age=0"></meta>
      <meta http-equiv="cache-control" content="no-cache"></meta>
      <meta http-equiv="cache-control" content="no-store"></meta>
      <LINK rel="stylesheet" href="style.css"></LINK>
      <script type="text/javascript" src="main.js"></script>
   </head>
   <body>
      <table width="100%" style="font-size: 16px; margin-bottom: 10px;" cellspacing="1">
         <tr>
            <td width="100%">
               All methods in suite
               
               <b>OrangeHRM Test suite</b>
            </td>
            <td style="background-color: #FFBBBB; padding: 3px 3px 3px 0;" align="center">
               <div style="width: 50px;">5</div>
            </td>
            <td style="background-color: lightgreen; padding: 3px 3px 3px 0;" align="center">
               <div style="width: 50px;">3</div>
            </td>
            <td style="background-color: #FFFFBB; padding: 3px 3px 3px 0;" align="center">
               <div style="width: 50px;">2</div>
            </td>
            <td align="center" style="background-color: #eaf0f7; padding: 3px 3px 3px 0;">
               <div style="width: 50px;">10</div>
            </td>
            <td align="center"
                style="font-weight: bold; background-color: #eaf0f7; padding: 3px 3px 3px 0;">
               <div style="width: 50px;">30%</div>
            </td>
            <td style="background-color: #eaf0f7; padding: 3px 3px 3px 0;" align="center"
                nowrap="true">51s
               
            </td>
         </tr>
      </table>
      <div style="width: 200px;">
         <label for="groupMethodsCheckBox" style="font-weight: bold; margin: 0;">
            <input id="groupMethodsCheckBox" type="checkbox" onclick="switchTestMethodsView(this)"></input>
            Group by class
            
         </label>
         <br></br>
         <label for="methodsFilter_ALL" style="font-weight: bold; margin: 0;">
            <input id="methodsFilter_ALL" type="checkbox"
                   onclick="testMethodsFilterChanged(this, 'ALL')"></input>
            All
            
         </label>
      </div>
      <label for="methodsFilter_FAIL" style="margin-left: 20px;">
         <input id="methodsFilter_FAIL" type="checkbox"
                onclick="testMethodsFilterChanged(this, 'FAIL')"
                checked=""></input>
         Failed
         
      </label>
      <label for="methodsFilter_PASS">
         <input id="methodsFilter_PASS" type="checkbox"
                onclick="testMethodsFilterChanged(this, 'PASS')"
                checked=""></input>
         Passed
         
      </label>
      <label for="methodsFilter_SKIP">
         <input id="methodsFilter_SKIP" type="checkbox"
                onclick="testMethodsFilterChanged(this, 'SKIP')"
                checked=""></input>
         Skipped
         
      </label>
      <label for="methodsFilter_CONF">
         <input id="methodsFilter_CONF" type="checkbox"
                onclick="testMethodsFilterChanged(this, 'CONF')"></input>
         Config
         
      </label>
      <br></br>
      <div id="testMethodsByStatus">
         <table class="testMethodsTable" cellpadding="0" cellspacing="0">
            <tr class="methodsTableHeader">
               <td width="100%">Name</td>
               <td nowrap="true">Started</td>
               <td nowrap="true">Duration</td>
               <td>Exception</td>
            </tr>
            <tr id="com.orangehrm.testsuite.Failure_failTest_byStatus_failed_FAIL1_row"
                class="testMethodStatusFAIL">
               <td width="100%" class="firstMethodCell">
                  <a onclick="toggleDetailsVisibility('com.orangehrm.testsuite.Failure_failTest_byStatus_failed_FAIL1_details')">failTest()</a>
               </td>
               <td nowrap="true">23:37:11</td>
               <td nowrap="true" align="right">816 ms
                  
               </td>
               <td nowrap="true">
                  <a onclick="toggleDetailsVisibility('com.orangehrm.testsuite.Failure_failTest_byStatus_failed_FAIL1_exception')">org.openqa.selenium.NoSuchElementException: 
                     Unable to locate element: {"method":"id","selector":"abc"}
                     For documentation on this error, please visit: http://seleniumhq.org/exceptions/no_such_element.html
                     Build info: version: '2.45.0', revision: '5017cb8', time: '2015-02-26 23:59:50'
                     System info: host: 'sys', ip: '192.168.0.3', os.name: 'Windows 7', os.arch: 'amd64', os.version: '6.1', java.version: '1.7.0_55'
                     Driver info: driver.version: unknown
                     Command duration or timeout: 814 milliseconds
                     For documentation on this error, please visit: http://seleniumhq.org/exceptions/no_such_element.html
                     Build info: version: '2.47.1', revision: '411b314', time: '2015-07-30 03:03:16'
                     System info: host: 'sys', ip: '192.168.0.3', os.name: 'Windows 7', os.arch: 'amd64', os.version: '6.1', java.version: '1.7.0_55'
                     *** Element info: {Using=id, value=abc}
                     Session ID: bf10a9a3-4437-47e3-8833-0a54a9c06be6
                     Driver info: org.openqa.selenium.remote.RemoteWebDriver
                     Capabilities [{platform=WINDOWS, javascriptEnabled=true, acceptSslCerts=true, browserName=firefox, rotatable=false, locationContextEnabled=true,
                     webdriver.remote.sessionid=bf10a9a3-4437-47e3-8833-0a54a9c06be6, version=41.0.1, databaseEnabled=true, cssSelectorsEnabled=true,
                     handlesAlerts=true, webStorageEnabled=true, nativeEvents=false, applicationCacheEnabled=true, takesScreenshot=true}]
                     
                  </a>
                   
                  
               </td>
            </tr>
            <tr>
               <td colspan="4" class="detailsBox">
                  <div id="com.orangehrm.testsuite.Failure_failTest_byStatus_failed_FAIL1_details"
                       class="testMethodDetails">
                     <div>
                        <b>Name: </b>failTest
                     </div>
                     <div>
                        <b>Signature: </b>failTest()[pri:0, instance:com.orangehrm.testsuite.Failure@62bb8ae8]
                     </div>
                     <div>
                        <b>Start time: </b>23:37:11
                     </div>
                     <div>
                        <b>End time: </b>23:37:11
                     </div>
                     <div>
                        <b>Duration: </b>816 ms
                        
                     </div>
                  </div>
               </td>
            </tr>
            <tr>
               <td colspan="4" class="detailsBox">
                  <div id="com.orangehrm.testsuite.Failure_failTest_byStatus_failed_FAIL1_exception"
                       class="testMethodDetails">
                     <pre style="padding: 5px; margin: 0;">org.openqa.selenium.NoSuchElementException: Unable to locate element: {"method":"id","selector":"abc"}
                        For documentation on this error, please visit: http://seleniumhq.org/exceptions/no_such_element.html
                        Build info: version: '2.45.0', revision: '5017cb8', time: '2015-02-26 23:59:50'
                        System info: host: 'sys', ip: '192.168.0.3', os.name: 'Windows 7', os.arch: 'amd64', os.version: '6.1', java.version: '1.7.0_55'
                        Driver info: driver.version: unknown
                        Command duration or timeout: 814 milliseconds
                        For documentation on this error, please visit: http://seleniumhq.org/exceptions/no_such_element.html
                        Build info: version: '2.47.1', revision: '411b314', time: '2015-07-30 03:03:16'
                        System info: host: 'sys', ip: '192.168.0.3', os.name: 'Windows 7', os.arch: 'amd64', os.version: '6.1', java.version: '1.7.0_55'
                        *** Element info: {Using=id, value=abc}
                        Session ID: bf10a9a3-4437-47e3-8833-0a54a9c06be6
                        Driver info: org.openqa.selenium.remote.RemoteWebDriver
                        Capabilities [{platform=WINDOWS, javascriptEnabled=true, acceptSslCerts=true, browserName=firefox, rotatable=false, locationContextEnabled=true,
                        webdriver.remote.sessionid=bf10a9a3-4437-47e3-8833-0a54a9c06be6, version=41.0.1, databaseEnabled=true, cssSelectorsEnabled=true,
                        handlesAlerts=true, webStorageEnabled=true, nativeEvents=false, applicationCacheEnabled=true, takesScreenshot=true}]
                        	at sun.reflect.NativeConstructorAccessorImpl.newInstance0(Native Method)
                        	at sun.reflect.NativeConstructorAccessorImpl.newInstance(Unknown Source)
                        	at sun.reflect.DelegatingConstructorAccessorImpl.newInstance(Unknown Source)
                        	at java.lang.reflect.Constructor.newInstance(Unknown Source)
                        	at org.openqa.selenium.remote.ErrorHandler.createThrowable(ErrorHandler.java:206)
                        	at org.openqa.selenium.remote.ErrorHandler.throwIfResponseFailed(ErrorHandler.java:158)
                        	at org.openqa.selenium.remote.RemoteWebDriver.execute(RemoteWebDriver.java:595)
                        	at org.openqa.selenium.remote.RemoteWebDriver.findElement(RemoteWebDriver.java:348)
                        	at org.openqa.selenium.remote.RemoteWebDriver.findElementById(RemoteWebDriver.java:389)
                        	at org.openqa.selenium.By$ById.findElement(By.java:215)
                        	at org.openqa.selenium.remote.RemoteWebDriver.findElement(RemoteWebDriver.java:340)
                        	at com.orangehrm.testsuite.Failure.failTest(Failure.java:10)
                        	at sun.reflect.NativeMethodAccessorImpl.invoke0(Native Method)
                        	at sun.reflect.NativeMethodAccessorImpl.invoke(Unknown Source)
                        	at sun.reflect.DelegatingMethodAccessorImpl.invoke(Unknown Source)
                        	at java.lang.reflect.Method.invoke(Unknown Source)
                        	at org.testng.internal.MethodInvocationHelper.invokeMethod(MethodInvocationHelper.java:84)
                        	at org.testng.internal.Invoker.invokeMethod(Invoker.java:714)
                        	at org.testng.internal.Invoker.invokeTestMethod(Invoker.java:901)
                        	at org.testng.internal.Invoker.invokeTestMethods(Invoker.java:1231)
                        	at org.testng.internal.TestMethodWorker.invokeTestMethods(TestMethodWorker.java:127)
                        	at org.testng.internal.TestMethodWorker.run(TestMethodWorker.java:111)
                        	at org.testng.TestRunner.privateRun(TestRunner.java:767)
                        	at org.testng.TestRunner.run(TestRunner.java:617)
                        	at org.testng.SuiteRunner.runTest(SuiteRunner.java:334)
                        	at org.testng.SuiteRunner.access$000(SuiteRunner.java:37)
                        	at org.testng.SuiteRunner$SuiteWorker.run(SuiteRunner.java:368)
                        	at org.testng.internal.thread.ThreadUtil$2.call(ThreadUtil.java:64)
                        	at java.util.concurrent.FutureTask.run(Unknown Source)
                        	at java.util.concurrent.ThreadPoolExecutor.runWorker(Unknown Source)
                        	at java.util.concurrent.ThreadPoolExecutor$Worker.run(Unknown Source)
                        	at java.lang.Thread.run(Unknown Source)
                        Caused by: org.openqa.selenium.remote.ScreenshotException: Screen shot has been taken
                        Build info: version: '2.47.1', revision: '411b314', time: '2015-07-30 03:03:16'
                        System info: host: 'sys', ip: '192.168.0.3', os.name: 'Windows 7', os.arch: 'amd64', os.version: '6.1', java.version: '1.7.0_55'
                        Driver info: driver.version: RemoteWebDriver
                        	at org.openqa.selenium.remote.ErrorHandler.throwIfResponseFailed(ErrorHandler.java:138)
                        	... 26 more
                        Caused by: org.openqa.selenium.NoSuchElementException: Unable to locate element: {"method":"id","selector":"abc"}
                        For documentation on this error, please visit: http://seleniumhq.org/exceptions/no_such_element.html
                        Build info: version: '2.45.0', revision: '5017cb8', time: '2015-02-26 23:59:50'
                        System info: host: 'sys', ip: '192.168.0.3', os.name: 'Windows 7', os.arch: 'amd64', os.version: '6.1', java.version: '1.7.0_55'
                        Driver info: driver.version: unknown
                        For documentation on this error, please visit: http://seleniumhq.org/exceptions/no_such_element.html
                        Build info: version: '2.47.1', revision: '411b314', time: '2015-07-30 03:03:16'
                        System info: host: 'sys', ip: '192.168.0.3', os.name: 'Windows 7', os.arch: 'amd64', os.version: '6.1', java.version: '1.7.0_55'
                        Driver info: driver.version: unknown
                        	at &lt;anonymous class&gt;.FirefoxDriver.prototype.findElementInternal_(file:///C:/Users/sai/AppData/Local/Temp/anonymous4729175491978270521webdriver-profile/extensions/fxdriver@googlecode.com/components/driver-component.js:10271)
                        	at &lt;anonymous class&gt;.FirefoxDriver.prototype.findElement(file:///C:/Users/sai/AppData/Local/Temp/anonymous4729175491978270521webdriver-profile/extensions/fxdriver@googlecode.com/components/driver-component.js:10280)
                        	at &lt;anonymous class&gt;.DelayedCommand.prototype.executeInternal_/h(file:///C:/Users/sai/AppData/Local/Temp/anonymous4729175491978270521webdriver-profile/extensions/fxdriver@googlecode.com/components/command-processor.js:12274)
                        	at &lt;anonymous class&gt;.DelayedCommand.prototype.executeInternal_(file:///C:/Users/sai/AppData/Local/Temp/anonymous4729175491978270521webdriver-profile/extensions/fxdriver@googlecode.com/components/command-processor.js:12279)
                        	at &lt;anonymous class&gt;.DelayedCommand.prototype.execute/&lt;(file:///C:/Users/sai/AppData/Local/Temp/anonymous4729175491978270521webdriver-profile/extensions/fxdriver@googlecode.com/components/command-processor.js:12221)
                     </pre>
                  </div>
               </td>
            </tr>
            <tr id="com.orangehrm.testsuite.AddEmployee_addEmployeeTest_byStatus_failed_FAIL2_row"
                class="testMethodStatusFAIL">
               <td width="100%" class="firstMethodCell">
                  <a onclick="toggleDetailsVisibility('com.orangehrm.testsuite.AddEmployee_addEmployeeTest_byStatus_failed_FAIL2_details')">addEmployeeTest()</a>
               </td>
               <td nowrap="true">23:36:38</td>
               <td nowrap="true" align="right">32s
                  
               </td>
               <td nowrap="true">
                  <a onclick="toggleDetailsVisibility('com.orangehrm.testsuite.AddEmployee_addEmployeeTest_byStatus_failed_FAIL2_exception')">org.openqa.selenium.StaleElementReferenceException: 
                     stale element reference: element is not attached to the page document
                     (Session info: chrome=45.0.2454.101)
                     (Driver info: chromedriver=2.16.333243 (0bfa1d3575fc1044244f21ddb82bf870944ef961),platform=Windows NT 6.1 x86_64) (WARNING:
                     The server did not provide any stacktrace information)
                     Command duration or timeout: 22 milliseconds
                     For documentation on this error, please visit: http://seleniumhq.org/exceptions/stale_element_reference.html
                     Build info: version: '2.45.0', revision: '5017cb8', time: '2015-02-26 23:59:50'
                     System info: host: 'sys', ip: '192.168.0.3', os.name: 'Windows 7', os.arch: 'amd64', os.version: '6.1', java.version: '1.7.0_55'
                     Session ID: 9fb8506b157c363ff64c4987a4bb6cf2
                     Driver info: org.openqa.selenium.chrome.ChromeDriver
                     Capabilities [{platform=XP, acceptSslCerts=true, javascriptEnabled=true, browserName=chrome, chrome={userDataDir=C:\Users\sai\AppData\Local\Temp\scoped_dir6964_6451},
                     rotatable=false, locationContextEnabled=true, mobileEmulationEnabled=false, version=45.0.2454.101, takesHeapSnapshot=true,
                     cssSelectorsEnabled=true, databaseEnabled=false, handlesAlerts=true, browserConnectionEnabled=false, webStorageEnabled=true,
                     nativeEvents=true, hasTouchScreen=false, applicationCacheEnabled=false, takesScreenshot=true}]
                     Command duration or timeout: 306 milliseconds
                     For documentation on this error, please visit: http://seleniumhq.org/exceptions/stale_element_reference.html
                     Build info: version: '2.47.1', revision: '411b314', time: '2015-07-30 03:03:16'
                     System info: host: 'sys', ip: '192.168.0.3', os.name: 'Windows 7', os.arch: 'amd64', os.version: '6.1', java.version: '1.7.0_55'
                     Session ID: 40691ffe-9020-4cfd-9ee2-6792c4cd2f57
                     Driver info: org.openqa.selenium.remote.RemoteWebDriver
                     Capabilities [{platform=XP, acceptSslCerts=true, javascriptEnabled=true, browserName=chrome, chrome={userDataDir=C:\Users\sai\AppData\Local\Temp\scoped_dir6964_6451},
                     rotatable=false, locationContextEnabled=true, mobileEmulationEnabled=false, webdriver.remote.sessionid=40691ffe-9020-4cfd-9ee2-6792c4cd2f57,
                     version=45.0.2454.101, takesHeapSnapshot=true, cssSelectorsEnabled=true, databaseEnabled=false, handlesAlerts=true, browserConnectionEnabled=false,
                     webStorageEnabled=true, nativeEvents=true, hasTouchScreen=false, applicationCacheEnabled=false, takesScreenshot=true}]
                     
                  </a>
                   
                  
               </td>
            </tr>
            <tr>
               <td colspan="4" class="detailsBox">
                  <div id="com.orangehrm.testsuite.AddEmployee_addEmployeeTest_byStatus_failed_FAIL2_details"
                       class="testMethodDetails">
                     <div>
                        <b>Name: </b>addEmployeeTest
                     </div>
                     <div>
                        <b>Signature: </b>addEmployeeTest()[pri:0, instance:com.orangehrm.testsuite.AddEmployee@69cb7fc]
                     </div>
                     <div>
                        <b>Start time: </b>23:36:38
                     </div>
                     <div>
                        <b>End time: </b>23:37:11
                     </div>
                     <div>
                        <b>Duration: </b>32s
                        
                     </div>
                  </div>
               </td>
            </tr>
            <tr>
               <td colspan="4" class="detailsBox">
                  <div id="com.orangehrm.testsuite.AddEmployee_addEmployeeTest_byStatus_failed_FAIL2_exception"
                       class="testMethodDetails">
                     <pre style="padding: 5px; margin: 0;">org.openqa.selenium.StaleElementReferenceException: stale element reference: element is not attached to the page document
                        (Session info: chrome=45.0.2454.101)
                        (Driver info: chromedriver=2.16.333243 (0bfa1d3575fc1044244f21ddb82bf870944ef961),platform=Windows NT 6.1 x86_64) (WARNING:
                        The server did not provide any stacktrace information)
                        Command duration or timeout: 22 milliseconds
                        For documentation on this error, please visit: http://seleniumhq.org/exceptions/stale_element_reference.html
                        Build info: version: '2.45.0', revision: '5017cb8', time: '2015-02-26 23:59:50'
                        System info: host: 'sys', ip: '192.168.0.3', os.name: 'Windows 7', os.arch: 'amd64', os.version: '6.1', java.version: '1.7.0_55'
                        Session ID: 9fb8506b157c363ff64c4987a4bb6cf2
                        Driver info: org.openqa.selenium.chrome.ChromeDriver
                        Capabilities [{platform=XP, acceptSslCerts=true, javascriptEnabled=true, browserName=chrome, chrome={userDataDir=C:\Users\sai\AppData\Local\Temp\scoped_dir6964_6451},
                        rotatable=false, locationContextEnabled=true, mobileEmulationEnabled=false, version=45.0.2454.101, takesHeapSnapshot=true,
                        cssSelectorsEnabled=true, databaseEnabled=false, handlesAlerts=true, browserConnectionEnabled=false, webStorageEnabled=true,
                        nativeEvents=true, hasTouchScreen=false, applicationCacheEnabled=false, takesScreenshot=true}]
                        Command duration or timeout: 306 milliseconds
                        For documentation on this error, please visit: http://seleniumhq.org/exceptions/stale_element_reference.html
                        Build info: version: '2.47.1', revision: '411b314', time: '2015-07-30 03:03:16'
                        System info: host: 'sys', ip: '192.168.0.3', os.name: 'Windows 7', os.arch: 'amd64', os.version: '6.1', java.version: '1.7.0_55'
                        Session ID: 40691ffe-9020-4cfd-9ee2-6792c4cd2f57
                        Driver info: org.openqa.selenium.remote.RemoteWebDriver
                        Capabilities [{platform=XP, acceptSslCerts=true, javascriptEnabled=true, browserName=chrome, chrome={userDataDir=C:\Users\sai\AppData\Local\Temp\scoped_dir6964_6451},
                        rotatable=false, locationContextEnabled=true, mobileEmulationEnabled=false, webdriver.remote.sessionid=40691ffe-9020-4cfd-9ee2-6792c4cd2f57,
                        version=45.0.2454.101, takesHeapSnapshot=true, cssSelectorsEnabled=true, databaseEnabled=false, handlesAlerts=true, browserConnectionEnabled=false,
                        webStorageEnabled=true, nativeEvents=true, hasTouchScreen=false, applicationCacheEnabled=false, takesScreenshot=true}]
                        	at sun.reflect.NativeConstructorAccessorImpl.newInstance0(Native Method)
                        	at sun.reflect.NativeConstructorAccessorImpl.newInstance(Unknown Source)
                        	at sun.reflect.DelegatingConstructorAccessorImpl.newInstance(Unknown Source)
                        	at java.lang.reflect.Constructor.newInstance(Unknown Source)
                        	at org.openqa.selenium.remote.ErrorHandler.createThrowable(ErrorHandler.java:206)
                        	at org.openqa.selenium.remote.ErrorHandler.throwIfResponseFailed(ErrorHandler.java:158)
                        	at org.openqa.selenium.remote.RemoteWebDriver.execute(RemoteWebDriver.java:595)
                        	at org.openqa.selenium.remote.RemoteWebElement.execute(RemoteWebElement.java:273)
                        	at org.openqa.selenium.remote.RemoteWebElement.clear(RemoteWebElement.java:118)
                        	at sun.reflect.NativeMethodAccessorImpl.invoke0(Native Method)
                        	at sun.reflect.NativeMethodAccessorImpl.invoke(Unknown Source)
                        	at sun.reflect.DelegatingMethodAccessorImpl.invoke(Unknown Source)
                        	at java.lang.reflect.Method.invoke(Unknown Source)
                        	at org.openqa.selenium.support.pagefactory.internal.LocatingElementHandler.invoke(LocatingElementHandler.java:51)
                        	at com.sun.proxy.$Proxy7.clear(Unknown Source)
                        	at com.orangehrm.testsuite.AddEmployeePage.addEmployee(AddEmployeePage.java:41)
                        	at com.orangehrm.testsuite.AddEmployee.addEmployeeTest(AddEmployee.java:32)
                        	at sun.reflect.NativeMethodAccessorImpl.invoke0(Native Method)
                        	at sun.reflect.NativeMethodAccessorImpl.invoke(Unknown Source)
                        	at sun.reflect.DelegatingMethodAccessorImpl.invoke(Unknown Source)
                        	at java.lang.reflect.Method.invoke(Unknown Source)
                        	at org.testng.internal.MethodInvocationHelper.invokeMethod(MethodInvocationHelper.java:84)
                        	at org.testng.internal.Invoker.invokeMethod(Invoker.java:714)
                        	at org.testng.internal.Invoker.invokeTestMethod(Invoker.java:901)
                        	at org.testng.internal.Invoker.invokeTestMethods(Invoker.java:1231)
                        	at org.testng.internal.TestMethodWorker.invokeTestMethods(TestMethodWorker.java:127)
                        	at org.testng.internal.TestMethodWorker.run(TestMethodWorker.java:111)
                        	at org.testng.TestRunner.privateRun(TestRunner.java:767)
                        	at org.testng.TestRunner.run(TestRunner.java:617)
                        	at org.testng.SuiteRunner.runTest(SuiteRunner.java:334)
                        	at org.testng.SuiteRunner.access$000(SuiteRunner.java:37)
                        	at org.testng.SuiteRunner$SuiteWorker.run(SuiteRunner.java:368)
                        	at org.testng.internal.thread.ThreadUtil$2.call(ThreadUtil.java:64)
                        	at java.util.concurrent.FutureTask.run(Unknown Source)
                        	at java.util.concurrent.ThreadPoolExecutor.runWorker(Unknown Source)
                        	at java.util.concurrent.ThreadPoolExecutor$Worker.run(Unknown Source)
                        	at java.lang.Thread.run(Unknown Source)
                        Caused by: org.openqa.selenium.remote.ScreenshotException: Screen shot has been taken
                        Build info: version: '2.47.1', revision: '411b314', time: '2015-07-30 03:03:16'
                        System info: host: 'sys', ip: '192.168.0.3', os.name: 'Windows 7', os.arch: 'amd64', os.version: '6.1', java.version: '1.7.0_55'
                        Driver info: driver.version: RemoteWebDriver
                        	at org.openqa.selenium.remote.ErrorHandler.throwIfResponseFailed(ErrorHandler.java:138)
                        	... 31 more
                        Caused by: org.openqa.selenium.StaleElementReferenceException: stale element reference: element is not attached to the page
                        document
                        (Session info: chrome=45.0.2454.101)
                        (Driver info: chromedriver=2.16.333243 (0bfa1d3575fc1044244f21ddb82bf870944ef961),platform=Windows NT 6.1 x86_64) (WARNING:
                        The server did not provide any stacktrace information)
                        Command duration or timeout: 22 milliseconds
                        For documentation on this error, please visit: http://seleniumhq.org/exceptions/stale_element_reference.html
                        Build info: version: '2.45.0', revision: '5017cb8', time: '2015-02-26 23:59:50'
                        System info: host: 'sys', ip: '192.168.0.3', os.name: 'Windows 7', os.arch: 'amd64', os.version: '6.1', java.version: '1.7.0_55'
                        Session ID: 9fb8506b157c363ff64c4987a4bb6cf2
                        Driver info: org.openqa.selenium.chrome.ChromeDriver
                        Capabilities [{platform=XP, acceptSslCerts=true, javascriptEnabled=true, browserName=chrome, chrome={userDataDir=C:\Users\sai\AppData\Local\Temp\scoped_dir6964_6451},
                        rotatable=false, locationContextEnabled=true, mobileEmulationEnabled=false, version=45.0.2454.101, takesHeapSnapshot=true,
                        cssSelectorsEnabled=true, databaseEnabled=false, handlesAlerts=true, browserConnectionEnabled=false, webStorageEnabled=true,
                        nativeEvents=true, hasTouchScreen=false, applicationCacheEnabled=false, takesScreenshot=true}]
                        For documentation on this error, please visit: http://seleniumhq.org/exceptions/stale_element_reference.html
                        Build info: version: '2.47.1', revision: '411b314', time: '2015-07-30 03:03:16'
                        System info: host: 'sys', ip: '192.168.0.3', os.name: 'Windows 7', os.arch: 'amd64', os.version: '6.1', java.version: '1.7.0_55'
                        Driver info: driver.version: RemoteWebDriver
                        	at sun.reflect.NativeConstructorAccessorImpl.newInstance0(Native Method)
                        	at sun.reflect.NativeConstructorAccessorImpl.newInstance(Unknown Source)
                        	at sun.reflect.DelegatingConstructorAccessorImpl.newInstance(Unknown Source)
                        	at java.lang.reflect.Constructor.newInstance(Unknown Source)
                        	at org.openqa.selenium.remote.ErrorHandler.createThrowable(ErrorHandler.java:204)
                        	at org.openqa.selenium.remote.ErrorHandler.throwIfResponseFailed(ErrorHandler.java:156)
                        	at org.openqa.selenium.remote.RemoteWebDriver.execute(RemoteWebDriver.java:599)
                        	at org.openqa.selenium.remote.RemoteWebElement.execute(RemoteWebElement.java:268)
                        	at org.openqa.selenium.remote.RemoteWebElement.clear(RemoteWebElement.java:113)
                        	at sun.reflect.NativeMethodAccessorImpl.invoke0(Native Method)
                        	at sun.reflect.NativeMethodAccessorImpl.invoke(Unknown Source)
                        	at sun.reflect.DelegatingMethodAccessorImpl.invoke(Unknown Source)
                        	at java.lang.reflect.Method.invoke(Unknown Source)
                        	at org.openqa.selenium.support.events.EventFiringWebDriver$EventFiringWebElement$1.invoke(EventFiringWebDriver.java:331)
                        	at com.sun.proxy.$Proxy3.clear(Unknown Source)
                        	at org.openqa.selenium.support.events.EventFiringWebDriver$EventFiringWebElement.clear(EventFiringWebDriver.java:360)
                        	at sun.reflect.NativeMethodAccessorImpl.invoke0(Native Method)
                        	at sun.reflect.NativeMethodAccessorImpl.invoke(Unknown Source)
                        	at sun.reflect.DelegatingMethodAccessorImpl.invoke(Unknown Source)
                        	at java.lang.reflect.Method.invoke(Unknown Source)
                        	at org.openqa.selenium.remote.server.KnownElements$1.invoke(KnownElements.java:63)
                        	at com.sun.proxy.$Proxy4.clear(Unknown Source)
                        	at org.openqa.selenium.remote.server.handler.ClearElement.call(ClearElement.java:29)
                        	at org.openqa.selenium.remote.server.handler.ClearElement.call(ClearElement.java:1)
                        	at java.util.concurrent.FutureTask.run(Unknown Source)
                        	at org.openqa.selenium.remote.server.DefaultSession$1.run(DefaultSession.java:168)
                        	... 3 more
                     </pre>
                  </div>
               </td>
            </tr>
            <tr id="com.orangehrm.testsuite.Logout_logoutTest_byStatus_failed_FAIL3_row"
                class="testMethodStatusFAIL">
               <td width="100%" class="firstMethodCell">
                  <a onclick="toggleDetailsVisibility('com.orangehrm.testsuite.Logout_logoutTest_byStatus_failed_FAIL3_details')">logoutTest()</a>
               </td>
               <td nowrap="true">23:37:21</td>
               <td nowrap="true" align="right">200 ms
                  
               </td>
               <td nowrap="true">
                  <a onclick="toggleDetailsVisibility('com.orangehrm.testsuite.Logout_logoutTest_byStatus_failed_FAIL3_exception')">org.openqa.selenium.NoSuchElementException: 
                     Unable to locate element: {"method":"id","selector":"welcome"}
                     For documentation on this error, please visit: http://seleniumhq.org/exceptions/no_such_element.html
                     Build info: version: '2.45.0', revision: '5017cb8', time: '2015-02-26 23:59:50'
                     System info: host: 'sys', ip: '192.168.0.3', os.name: 'Windows 7', os.arch: 'amd64', os.version: '6.1', java.version: '1.7.0_55'
                     Driver info: driver.version: unknown
                     Command duration or timeout: 154 milliseconds
                     For documentation on this error, please visit: http://seleniumhq.org/exceptions/no_such_element.html
                     Build info: version: '2.47.1', revision: '411b314', time: '2015-07-30 03:03:16'
                     System info: host: 'sys', ip: '192.168.0.3', os.name: 'Windows 7', os.arch: 'amd64', os.version: '6.1', java.version: '1.7.0_55'
                     *** Element info: {Using=id, value=welcome}
                     Session ID: bf10a9a3-4437-47e3-8833-0a54a9c06be6
                     Driver info: org.openqa.selenium.remote.RemoteWebDriver
                     Capabilities [{platform=WINDOWS, javascriptEnabled=true, acceptSslCerts=true, browserName=firefox, rotatable=false, locationContextEnabled=true,
                     webdriver.remote.sessionid=bf10a9a3-4437-47e3-8833-0a54a9c06be6, version=41.0.1, databaseEnabled=true, cssSelectorsEnabled=true,
                     handlesAlerts=true, webStorageEnabled=true, nativeEvents=false, applicationCacheEnabled=true, takesScreenshot=true}]
                     
                  </a>
                   
                  
               </td>
            </tr>
            <tr>
               <td colspan="4" class="detailsBox">
                  <div id="com.orangehrm.testsuite.Logout_logoutTest_byStatus_failed_FAIL3_details"
                       class="testMethodDetails">
                     <div>
                        <b>Name: </b>logoutTest
                     </div>
                     <div>
                        <b>Signature: </b>logoutTest()[pri:0, instance:com.orangehrm.testsuite.Logout@5fa52ad1]
                     </div>
                     <div>
                        <b>Start time: </b>23:37:21
                     </div>
                     <div>
                        <b>End time: </b>23:37:22
                     </div>
                     <div>
                        <b>Duration: </b>200 ms
                        
                     </div>
                  </div>
               </td>
            </tr>
            <tr>
               <td colspan="4" class="detailsBox">
                  <div id="com.orangehrm.testsuite.Logout_logoutTest_byStatus_failed_FAIL3_exception"
                       class="testMethodDetails">
                     <pre style="padding: 5px; margin: 0;">org.openqa.selenium.NoSuchElementException: Unable to locate element: {"method":"id","selector":"welcome"}
                        For documentation on this error, please visit: http://seleniumhq.org/exceptions/no_such_element.html
                        Build info: version: '2.45.0', revision: '5017cb8', time: '2015-02-26 23:59:50'
                        System info: host: 'sys', ip: '192.168.0.3', os.name: 'Windows 7', os.arch: 'amd64', os.version: '6.1', java.version: '1.7.0_55'
                        Driver info: driver.version: unknown
                        Command duration or timeout: 154 milliseconds
                        For documentation on this error, please visit: http://seleniumhq.org/exceptions/no_such_element.html
                        Build info: version: '2.47.1', revision: '411b314', time: '2015-07-30 03:03:16'
                        System info: host: 'sys', ip: '192.168.0.3', os.name: 'Windows 7', os.arch: 'amd64', os.version: '6.1', java.version: '1.7.0_55'
                        *** Element info: {Using=id, value=welcome}
                        Session ID: bf10a9a3-4437-47e3-8833-0a54a9c06be6
                        Driver info: org.openqa.selenium.remote.RemoteWebDriver
                        Capabilities [{platform=WINDOWS, javascriptEnabled=true, acceptSslCerts=true, browserName=firefox, rotatable=false, locationContextEnabled=true,
                        webdriver.remote.sessionid=bf10a9a3-4437-47e3-8833-0a54a9c06be6, version=41.0.1, databaseEnabled=true, cssSelectorsEnabled=true,
                        handlesAlerts=true, webStorageEnabled=true, nativeEvents=false, applicationCacheEnabled=true, takesScreenshot=true}]
                        	at sun.reflect.NativeConstructorAccessorImpl.newInstance0(Native Method)
                        	at sun.reflect.NativeConstructorAccessorImpl.newInstance(Unknown Source)
                        	at sun.reflect.DelegatingConstructorAccessorImpl.newInstance(Unknown Source)
                        	at java.lang.reflect.Constructor.newInstance(Unknown Source)
                        	at org.openqa.selenium.remote.ErrorHandler.createThrowable(ErrorHandler.java:206)
                        	at org.openqa.selenium.remote.ErrorHandler.throwIfResponseFailed(ErrorHandler.java:158)
                        	at org.openqa.selenium.remote.RemoteWebDriver.execute(RemoteWebDriver.java:595)
                        	at org.openqa.selenium.remote.RemoteWebDriver.findElement(RemoteWebDriver.java:348)
                        	at org.openqa.selenium.remote.RemoteWebDriver.findElementById(RemoteWebDriver.java:389)
                        	at org.openqa.selenium.By$ById.findElement(By.java:215)
                        	at org.openqa.selenium.remote.RemoteWebDriver.findElement(RemoteWebDriver.java:340)
                        	at org.openqa.selenium.support.pagefactory.DefaultElementLocator.findElement(DefaultElementLocator.java:69)
                        	at org.openqa.selenium.support.pagefactory.internal.LocatingElementHandler.invoke(LocatingElementHandler.java:38)
                        	at com.sun.proxy.$Proxy7.click(Unknown Source)
                        	at com.orangehrm.testsuite.LogoutPage.logout(LogoutPage.java:16)
                        	at com.orangehrm.testsuite.Logout.logoutTest(Logout.java:22)
                        	at sun.reflect.NativeMethodAccessorImpl.invoke0(Native Method)
                        	at sun.reflect.NativeMethodAccessorImpl.invoke(Unknown Source)
                        	at sun.reflect.DelegatingMethodAccessorImpl.invoke(Unknown Source)
                        	at java.lang.reflect.Method.invoke(Unknown Source)
                        	at org.testng.internal.MethodInvocationHelper.invokeMethod(MethodInvocationHelper.java:84)
                        	at org.testng.internal.Invoker.invokeMethod(Invoker.java:714)
                        	at org.testng.internal.Invoker.invokeTestMethod(Invoker.java:901)
                        	at org.testng.internal.Invoker.invokeTestMethods(Invoker.java:1231)
                        	at org.testng.internal.TestMethodWorker.invokeTestMethods(TestMethodWorker.java:127)
                        	at org.testng.internal.TestMethodWorker.run(TestMethodWorker.java:111)
                        	at org.testng.TestRunner.privateRun(TestRunner.java:767)
                        	at org.testng.TestRunner.run(TestRunner.java:617)
                        	at org.testng.SuiteRunner.runTest(SuiteRunner.java:334)
                        	at org.testng.SuiteRunner.access$000(SuiteRunner.java:37)
                        	at org.testng.SuiteRunner$SuiteWorker.run(SuiteRunner.java:368)
                        	at org.testng.internal.thread.ThreadUtil$2.call(ThreadUtil.java:64)
                        	at java.util.concurrent.FutureTask.run(Unknown Source)
                        	at java.util.concurrent.ThreadPoolExecutor.runWorker(Unknown Source)
                        	at java.util.concurrent.ThreadPoolExecutor$Worker.run(Unknown Source)
                        	at java.lang.Thread.run(Unknown Source)
                        Caused by: org.openqa.selenium.remote.ScreenshotException: Screen shot has been taken
                        Build info: version: '2.47.1', revision: '411b314', time: '2015-07-30 03:03:16'
                        System info: host: 'sys', ip: '192.168.0.3', os.name: 'Windows 7', os.arch: 'amd64', os.version: '6.1', java.version: '1.7.0_55'
                        Driver info: driver.version: RemoteWebDriver
                        	at org.openqa.selenium.remote.ErrorHandler.throwIfResponseFailed(ErrorHandler.java:138)
                        	... 30 more
                        Caused by: org.openqa.selenium.NoSuchElementException: Unable to locate element: {"method":"id","selector":"welcome"}
                        For documentation on this error, please visit: http://seleniumhq.org/exceptions/no_such_element.html
                        Build info: version: '2.45.0', revision: '5017cb8', time: '2015-02-26 23:59:50'
                        System info: host: 'sys', ip: '192.168.0.3', os.name: 'Windows 7', os.arch: 'amd64', os.version: '6.1', java.version: '1.7.0_55'
                        Driver info: driver.version: unknown
                        For documentation on this error, please visit: http://seleniumhq.org/exceptions/no_such_element.html
                        Build info: version: '2.47.1', revision: '411b314', time: '2015-07-30 03:03:16'
                        System info: host: 'sys', ip: '192.168.0.3', os.name: 'Windows 7', os.arch: 'amd64', os.version: '6.1', java.version: '1.7.0_55'
                        Driver info: driver.version: unknown
                        	at &lt;anonymous class&gt;.FirefoxDriver.prototype.findElementInternal_(file:///C:/Users/sai/AppData/Local/Temp/anonymous4729175491978270521webdriver-profile/extensions/fxdriver@googlecode.com/components/driver-component.js:10271)
                        	at &lt;anonymous class&gt;.FirefoxDriver.prototype.findElement(file:///C:/Users/sai/AppData/Local/Temp/anonymous4729175491978270521webdriver-profile/extensions/fxdriver@googlecode.com/components/driver-component.js:10280)
                        	at &lt;anonymous class&gt;.DelayedCommand.prototype.executeInternal_/h(file:///C:/Users/sai/AppData/Local/Temp/anonymous4729175491978270521webdriver-profile/extensions/fxdriver@googlecode.com/components/command-processor.js:12274)
                        	at &lt;anonymous class&gt;.DelayedCommand.prototype.executeInternal_(file:///C:/Users/sai/AppData/Local/Temp/anonymous4729175491978270521webdriver-profile/extensions/fxdriver@googlecode.com/components/command-processor.js:12279)
                        	at &lt;anonymous class&gt;.DelayedCommand.prototype.execute/&lt;(file:///C:/Users/sai/AppData/Local/Temp/anonymous4729175491978270521webdriver-profile/extensions/fxdriver@googlecode.com/components/command-processor.js:12221)
                     </pre>
                  </div>
               </td>
            </tr>
            <tr id="com.orangehrm.testsuite.Failure_failTest_byStatus_failed_FAIL4_row"
                class="testMethodStatusFAIL">
               <td width="100%" class="firstMethodCell">
                  <a onclick="toggleDetailsVisibility('com.orangehrm.testsuite.Failure_failTest_byStatus_failed_FAIL4_details')">failTest()</a>
               </td>
               <td nowrap="true">23:37:21</td>
               <td nowrap="true" align="right">146 ms
                  
               </td>
               <td nowrap="true">
                  <a onclick="toggleDetailsVisibility('com.orangehrm.testsuite.Failure_failTest_byStatus_failed_FAIL4_exception')">org.openqa.selenium.NoSuchElementException: 
                     Unable to locate element: {"method":"id","selector":"abc"}
                     For documentation on this error, please visit: http://seleniumhq.org/exceptions/no_such_element.html
                     Build info: version: '2.45.0', revision: '5017cb8', time: '2015-02-26 23:59:50'
                     System info: host: 'sys', ip: '192.168.0.3', os.name: 'Windows 7', os.arch: 'amd64', os.version: '6.1', java.version: '1.7.0_55'
                     Driver info: driver.version: unknown
                     Command duration or timeout: 145 milliseconds
                     For documentation on this error, please visit: http://seleniumhq.org/exceptions/no_such_element.html
                     Build info: version: '2.47.1', revision: '411b314', time: '2015-07-30 03:03:16'
                     System info: host: 'sys', ip: '192.168.0.3', os.name: 'Windows 7', os.arch: 'amd64', os.version: '6.1', java.version: '1.7.0_55'
                     *** Element info: {Using=id, value=abc}
                     Session ID: bf10a9a3-4437-47e3-8833-0a54a9c06be6
                     Driver info: org.openqa.selenium.remote.RemoteWebDriver
                     Capabilities [{platform=WINDOWS, javascriptEnabled=true, acceptSslCerts=true, browserName=firefox, rotatable=false, locationContextEnabled=true,
                     webdriver.remote.sessionid=bf10a9a3-4437-47e3-8833-0a54a9c06be6, version=41.0.1, databaseEnabled=true, cssSelectorsEnabled=true,
                     handlesAlerts=true, webStorageEnabled=true, nativeEvents=false, applicationCacheEnabled=true, takesScreenshot=true}]
                     
                  </a>
                   
                  
               </td>
            </tr>
            <tr>
               <td colspan="4" class="detailsBox">
                  <div id="com.orangehrm.testsuite.Failure_failTest_byStatus_failed_FAIL4_details"
                       class="testMethodDetails">
                     <div>
                        <b>Name: </b>failTest
                     </div>
                     <div>
                        <b>Signature: </b>failTest()[pri:0, instance:com.orangehrm.testsuite.Failure@efd025d]
                     </div>
                     <div>
                        <b>Start time: </b>23:37:21
                     </div>
                     <div>
                        <b>End time: </b>23:37:21
                     </div>
                     <div>
                        <b>Duration: </b>146 ms
                        
                     </div>
                  </div>
               </td>
            </tr>
            <tr>
               <td colspan="4" class="detailsBox">
                  <div id="com.orangehrm.testsuite.Failure_failTest_byStatus_failed_FAIL4_exception"
                       class="testMethodDetails">
                     <pre style="padding: 5px; margin: 0;">org.openqa.selenium.NoSuchElementException: Unable to locate element: {"method":"id","selector":"abc"}
                        For documentation on this error, please visit: http://seleniumhq.org/exceptions/no_such_element.html
                        Build info: version: '2.45.0', revision: '5017cb8', time: '2015-02-26 23:59:50'
                        System info: host: 'sys', ip: '192.168.0.3', os.name: 'Windows 7', os.arch: 'amd64', os.version: '6.1', java.version: '1.7.0_55'
                        Driver info: driver.version: unknown
                        Command duration or timeout: 145 milliseconds
                        For documentation on this error, please visit: http://seleniumhq.org/exceptions/no_such_element.html
                        Build info: version: '2.47.1', revision: '411b314', time: '2015-07-30 03:03:16'
                        System info: host: 'sys', ip: '192.168.0.3', os.name: 'Windows 7', os.arch: 'amd64', os.version: '6.1', java.version: '1.7.0_55'
                        *** Element info: {Using=id, value=abc}
                        Session ID: bf10a9a3-4437-47e3-8833-0a54a9c06be6
                        Driver info: org.openqa.selenium.remote.RemoteWebDriver
                        Capabilities [{platform=WINDOWS, javascriptEnabled=true, acceptSslCerts=true, browserName=firefox, rotatable=false, locationContextEnabled=true,
                        webdriver.remote.sessionid=bf10a9a3-4437-47e3-8833-0a54a9c06be6, version=41.0.1, databaseEnabled=true, cssSelectorsEnabled=true,
                        handlesAlerts=true, webStorageEnabled=true, nativeEvents=false, applicationCacheEnabled=true, takesScreenshot=true}]
                        	at sun.reflect.NativeConstructorAccessorImpl.newInstance0(Native Method)
                        	at sun.reflect.NativeConstructorAccessorImpl.newInstance(Unknown Source)
                        	at sun.reflect.DelegatingConstructorAccessorImpl.newInstance(Unknown Source)
                        	at java.lang.reflect.Constructor.newInstance(Unknown Source)
                        	at org.openqa.selenium.remote.ErrorHandler.createThrowable(ErrorHandler.java:206)
                        	at org.openqa.selenium.remote.ErrorHandler.throwIfResponseFailed(ErrorHandler.java:158)
                        	at org.openqa.selenium.remote.RemoteWebDriver.execute(RemoteWebDriver.java:595)
                        	at org.openqa.selenium.remote.RemoteWebDriver.findElement(RemoteWebDriver.java:348)
                        	at org.openqa.selenium.remote.RemoteWebDriver.findElementById(RemoteWebDriver.java:389)
                        	at org.openqa.selenium.By$ById.findElement(By.java:215)
                        	at org.openqa.selenium.remote.RemoteWebDriver.findElement(RemoteWebDriver.java:340)
                        	at com.orangehrm.testsuite.Failure.failTest(Failure.java:10)
                        	at sun.reflect.NativeMethodAccessorImpl.invoke0(Native Method)
                        	at sun.reflect.NativeMethodAccessorImpl.invoke(Unknown Source)
                        	at sun.reflect.DelegatingMethodAccessorImpl.invoke(Unknown Source)
                        	at java.lang.reflect.Method.invoke(Unknown Source)
                        	at org.testng.internal.MethodInvocationHelper.invokeMethod(MethodInvocationHelper.java:84)
                        	at org.testng.internal.Invoker.invokeMethod(Invoker.java:714)
                        	at org.testng.internal.Invoker.invokeTestMethod(Invoker.java:901)
                        	at org.testng.internal.Invoker.invokeTestMethods(Invoker.java:1231)
                        	at org.testng.internal.TestMethodWorker.invokeTestMethods(TestMethodWorker.java:127)
                        	at org.testng.internal.TestMethodWorker.run(TestMethodWorker.java:111)
                        	at org.testng.TestRunner.privateRun(TestRunner.java:767)
                        	at org.testng.TestRunner.run(TestRunner.java:617)
                        	at org.testng.SuiteRunner.runTest(SuiteRunner.java:334)
                        	at org.testng.SuiteRunner.access$000(SuiteRunner.java:37)
                        	at org.testng.SuiteRunner$SuiteWorker.run(SuiteRunner.java:368)
                        	at org.testng.internal.thread.ThreadUtil$2.call(ThreadUtil.java:64)
                        	at java.util.concurrent.FutureTask.run(Unknown Source)
                        	at java.util.concurrent.ThreadPoolExecutor.runWorker(Unknown Source)
                        	at java.util.concurrent.ThreadPoolExecutor$Worker.run(Unknown Source)
                        	at java.lang.Thread.run(Unknown Source)
                        Caused by: org.openqa.selenium.remote.ScreenshotException: Screen shot has been taken
                        Build info: version: '2.47.1', revision: '411b314', time: '2015-07-30 03:03:16'
                        System info: host: 'sys', ip: '192.168.0.3', os.name: 'Windows 7', os.arch: 'amd64', os.version: '6.1', java.version: '1.7.0_55'
                        Driver info: driver.version: RemoteWebDriver
                        	at org.openqa.selenium.remote.ErrorHandler.throwIfResponseFailed(ErrorHandler.java:138)
                        	... 26 more
                        Caused by: org.openqa.selenium.NoSuchElementException: Unable to locate element: {"method":"id","selector":"abc"}
                        For documentation on this error, please visit: http://seleniumhq.org/exceptions/no_such_element.html
                        Build info: version: '2.45.0', revision: '5017cb8', time: '2015-02-26 23:59:50'
                        System info: host: 'sys', ip: '192.168.0.3', os.name: 'Windows 7', os.arch: 'amd64', os.version: '6.1', java.version: '1.7.0_55'
                        Driver info: driver.version: unknown
                        For documentation on this error, please visit: http://seleniumhq.org/exceptions/no_such_element.html
                        Build info: version: '2.47.1', revision: '411b314', time: '2015-07-30 03:03:16'
                        System info: host: 'sys', ip: '192.168.0.3', os.name: 'Windows 7', os.arch: 'amd64', os.version: '6.1', java.version: '1.7.0_55'
                        Driver info: driver.version: unknown
                        	at &lt;anonymous class&gt;.FirefoxDriver.prototype.findElementInternal_(file:///C:/Users/sai/AppData/Local/Temp/anonymous4729175491978270521webdriver-profile/extensions/fxdriver@googlecode.com/components/driver-component.js:10271)
                        	at &lt;anonymous class&gt;.FirefoxDriver.prototype.findElement(file:///C:/Users/sai/AppData/Local/Temp/anonymous4729175491978270521webdriver-profile/extensions/fxdriver@googlecode.com/components/driver-component.js:10280)
                        	at &lt;anonymous class&gt;.DelayedCommand.prototype.executeInternal_/h(file:///C:/Users/sai/AppData/Local/Temp/anonymous4729175491978270521webdriver-profile/extensions/fxdriver@googlecode.com/components/command-processor.js:12274)
                        	at &lt;anonymous class&gt;.DelayedCommand.prototype.executeInternal_(file:///C:/Users/sai/AppData/Local/Temp/anonymous4729175491978270521webdriver-profile/extensions/fxdriver@googlecode.com/components/command-processor.js:12279)
                        	at &lt;anonymous class&gt;.DelayedCommand.prototype.execute/&lt;(file:///C:/Users/sai/AppData/Local/Temp/anonymous4729175491978270521webdriver-profile/extensions/fxdriver@googlecode.com/components/command-processor.js:12221)
                     </pre>
                  </div>
               </td>
            </tr>
            <tr id="com.orangehrm.testsuite.AddEmployee_addEmployeeTest_byStatus_failed_FAIL5_row"
                class="testMethodStatusFAIL">
               <td width="100%" class="firstMethodCell">
                  <a onclick="toggleDetailsVisibility('com.orangehrm.testsuite.AddEmployee_addEmployeeTest_byStatus_failed_FAIL5_details')">addEmployeeTest()</a>
               </td>
               <td nowrap="true">23:36:48</td>
               <td nowrap="true" align="right">32s
                  
               </td>
               <td nowrap="true">
                  <a onclick="toggleDetailsVisibility('com.orangehrm.testsuite.AddEmployee_addEmployeeTest_byStatus_failed_FAIL5_exception')">org.openqa.selenium.NoSuchElementException: 
                     Unable to locate element: {"method":"link text","selector":"Add Employee"}
                     For documentation on this error, please visit: http://seleniumhq.org/exceptions/no_such_element.html
                     Build info: version: '2.45.0', revision: '5017cb8', time: '2015-02-26 23:59:50'
                     System info: host: 'sys', ip: '192.168.0.3', os.name: 'Windows 7', os.arch: 'amd64', os.version: '6.1', java.version: '1.7.0_55'
                     Driver info: driver.version: unknown
                     Command duration or timeout: 200 milliseconds
                     For documentation on this error, please visit: http://seleniumhq.org/exceptions/no_such_element.html
                     Build info: version: '2.47.1', revision: '411b314', time: '2015-07-30 03:03:16'
                     System info: host: 'sys', ip: '192.168.0.3', os.name: 'Windows 7', os.arch: 'amd64', os.version: '6.1', java.version: '1.7.0_55'
                     *** Element info: {Using=link text, value=Add Employee}
                     Session ID: bf10a9a3-4437-47e3-8833-0a54a9c06be6
                     Driver info: org.openqa.selenium.remote.RemoteWebDriver
                     Capabilities [{platform=WINDOWS, javascriptEnabled=true, acceptSslCerts=true, browserName=firefox, rotatable=false, locationContextEnabled=true,
                     webdriver.remote.sessionid=bf10a9a3-4437-47e3-8833-0a54a9c06be6, version=41.0.1, databaseEnabled=true, cssSelectorsEnabled=true,
                     handlesAlerts=true, webStorageEnabled=true, nativeEvents=false, applicationCacheEnabled=true, takesScreenshot=true}]
                     
                  </a>
                   
                  
               </td>
            </tr>
            <tr>
               <td colspan="4" class="detailsBox">
                  <div id="com.orangehrm.testsuite.AddEmployee_addEmployeeTest_byStatus_failed_FAIL5_details"
                       class="testMethodDetails">
                     <div>
                        <b>Name: </b>addEmployeeTest
                     </div>
                     <div>
                        <b>Signature: </b>addEmployeeTest()[pri:0, instance:com.orangehrm.testsuite.AddEmployee@17ce2804]
                     </div>
                     <div>
                        <b>Start time: </b>23:36:48
                     </div>
                     <div>
                        <b>End time: </b>23:37:21
                     </div>
                     <div>
                        <b>Duration: </b>32s
                        
                     </div>
                  </div>
               </td>
            </tr>
            <tr>
               <td colspan="4" class="detailsBox">
                  <div id="com.orangehrm.testsuite.AddEmployee_addEmployeeTest_byStatus_failed_FAIL5_exception"
                       class="testMethodDetails">
                     <pre style="padding: 5px; margin: 0;">org.openqa.selenium.NoSuchElementException: Unable to locate element: {"method":"link text","selector":"Add Employee"}
                        For documentation on this error, please visit: http://seleniumhq.org/exceptions/no_such_element.html
                        Build info: version: '2.45.0', revision: '5017cb8', time: '2015-02-26 23:59:50'
                        System info: host: 'sys', ip: '192.168.0.3', os.name: 'Windows 7', os.arch: 'amd64', os.version: '6.1', java.version: '1.7.0_55'
                        Driver info: driver.version: unknown
                        Command duration or timeout: 200 milliseconds
                        For documentation on this error, please visit: http://seleniumhq.org/exceptions/no_such_element.html
                        Build info: version: '2.47.1', revision: '411b314', time: '2015-07-30 03:03:16'
                        System info: host: 'sys', ip: '192.168.0.3', os.name: 'Windows 7', os.arch: 'amd64', os.version: '6.1', java.version: '1.7.0_55'
                        *** Element info: {Using=link text, value=Add Employee}
                        Session ID: bf10a9a3-4437-47e3-8833-0a54a9c06be6
                        Driver info: org.openqa.selenium.remote.RemoteWebDriver
                        Capabilities [{platform=WINDOWS, javascriptEnabled=true, acceptSslCerts=true, browserName=firefox, rotatable=false, locationContextEnabled=true,
                        webdriver.remote.sessionid=bf10a9a3-4437-47e3-8833-0a54a9c06be6, version=41.0.1, databaseEnabled=true, cssSelectorsEnabled=true,
                        handlesAlerts=true, webStorageEnabled=true, nativeEvents=false, applicationCacheEnabled=true, takesScreenshot=true}]
                        	at sun.reflect.NativeConstructorAccessorImpl.newInstance0(Native Method)
                        	at sun.reflect.NativeConstructorAccessorImpl.newInstance(Unknown Source)
                        	at sun.reflect.DelegatingConstructorAccessorImpl.newInstance(Unknown Source)
                        	at java.lang.reflect.Constructor.newInstance(Unknown Source)
                        	at org.openqa.selenium.remote.ErrorHandler.createThrowable(ErrorHandler.java:206)
                        	at org.openqa.selenium.remote.ErrorHandler.throwIfResponseFailed(ErrorHandler.java:158)
                        	at org.openqa.selenium.remote.RemoteWebDriver.execute(RemoteWebDriver.java:595)
                        	at org.openqa.selenium.remote.RemoteWebDriver.findElement(RemoteWebDriver.java:348)
                        	at org.openqa.selenium.remote.RemoteWebDriver.findElementByLinkText(RemoteWebDriver.java:397)
                        	at org.openqa.selenium.By$ByLinkText.findElement(By.java:243)
                        	at org.openqa.selenium.remote.RemoteWebDriver.findElement(RemoteWebDriver.java:340)
                        	at org.openqa.selenium.support.pagefactory.DefaultElementLocator.findElement(DefaultElementLocator.java:69)
                        	at org.openqa.selenium.support.pagefactory.internal.LocatingElementHandler.invoke(LocatingElementHandler.java:38)
                        	at com.sun.proxy.$Proxy7.click(Unknown Source)
                        	at com.orangehrm.testsuite.AddEmployeePage.addEmployee(AddEmployeePage.java:40)
                        	at com.orangehrm.testsuite.AddEmployee.addEmployeeTest(AddEmployee.java:32)
                        	at sun.reflect.NativeMethodAccessorImpl.invoke0(Native Method)
                        	at sun.reflect.NativeMethodAccessorImpl.invoke(Unknown Source)
                        	at sun.reflect.DelegatingMethodAccessorImpl.invoke(Unknown Source)
                        	at java.lang.reflect.Method.invoke(Unknown Source)
                        	at org.testng.internal.MethodInvocationHelper.invokeMethod(MethodInvocationHelper.java:84)
                        	at org.testng.internal.Invoker.invokeMethod(Invoker.java:714)
                        	at org.testng.internal.Invoker.invokeTestMethod(Invoker.java:901)
                        	at org.testng.internal.Invoker.invokeTestMethods(Invoker.java:1231)
                        	at org.testng.internal.TestMethodWorker.invokeTestMethods(TestMethodWorker.java:127)
                        	at org.testng.internal.TestMethodWorker.run(TestMethodWorker.java:111)
                        	at org.testng.TestRunner.privateRun(TestRunner.java:767)
                        	at org.testng.TestRunner.run(TestRunner.java:617)
                        	at org.testng.SuiteRunner.runTest(SuiteRunner.java:334)
                        	at org.testng.SuiteRunner.access$000(SuiteRunner.java:37)
                        	at org.testng.SuiteRunner$SuiteWorker.run(SuiteRunner.java:368)
                        	at org.testng.internal.thread.ThreadUtil$2.call(ThreadUtil.java:64)
                        	at java.util.concurrent.FutureTask.run(Unknown Source)
                        	at java.util.concurrent.ThreadPoolExecutor.runWorker(Unknown Source)
                        	at java.util.concurrent.ThreadPoolExecutor$Worker.run(Unknown Source)
                        	at java.lang.Thread.run(Unknown Source)
                        Caused by: org.openqa.selenium.remote.ScreenshotException: Screen shot has been taken
                        Build info: version: '2.47.1', revision: '411b314', time: '2015-07-30 03:03:16'
                        System info: host: 'sys', ip: '192.168.0.3', os.name: 'Windows 7', os.arch: 'amd64', os.version: '6.1', java.version: '1.7.0_55'
                        Driver info: driver.version: RemoteWebDriver
                        	at org.openqa.selenium.remote.ErrorHandler.throwIfResponseFailed(ErrorHandler.java:138)
                        	... 30 more
                        Caused by: org.openqa.selenium.NoSuchElementException: Unable to locate element: {"method":"link text","selector":"Add Employee"}
                        For documentation on this error, please visit: http://seleniumhq.org/exceptions/no_such_element.html
                        Build info: version: '2.45.0', revision: '5017cb8', time: '2015-02-26 23:59:50'
                        System info: host: 'sys', ip: '192.168.0.3', os.name: 'Windows 7', os.arch: 'amd64', os.version: '6.1', java.version: '1.7.0_55'
                        Driver info: driver.version: unknown
                        For documentation on this error, please visit: http://seleniumhq.org/exceptions/no_such_element.html
                        Build info: version: '2.47.1', revision: '411b314', time: '2015-07-30 03:03:16'
                        System info: host: 'sys', ip: '192.168.0.3', os.name: 'Windows 7', os.arch: 'amd64', os.version: '6.1', java.version: '1.7.0_55'
                        Driver info: driver.version: unknown
                        	at &lt;anonymous class&gt;.FirefoxDriver.prototype.findElementInternal_(file:///C:/Users/sai/AppData/Local/Temp/anonymous4729175491978270521webdriver-profile/extensions/fxdriver@googlecode.com/components/driver-component.js:10271)
                        	at &lt;anonymous class&gt;.FirefoxDriver.prototype.findElement(file:///C:/Users/sai/AppData/Local/Temp/anonymous4729175491978270521webdriver-profile/extensions/fxdriver@googlecode.com/components/driver-component.js:10280)
                        	at &lt;anonymous class&gt;.DelayedCommand.prototype.executeInternal_/h(file:///C:/Users/sai/AppData/Local/Temp/anonymous4729175491978270521webdriver-profile/extensions/fxdriver@googlecode.com/components/command-processor.js:12274)
                        	at &lt;anonymous class&gt;.DelayedCommand.prototype.executeInternal_(file:///C:/Users/sai/AppData/Local/Temp/anonymous4729175491978270521webdriver-profile/extensions/fxdriver@googlecode.com/components/command-processor.js:12279)
                        	at &lt;anonymous class&gt;.DelayedCommand.prototype.execute/&lt;(file:///C:/Users/sai/AppData/Local/Temp/anonymous4729175491978270521webdriver-profile/extensions/fxdriver@googlecode.com/components/command-processor.js:12221)
                     </pre>
                  </div>
               </td>
            </tr>
            <tr id="com.orangehrm.testsuite.Logout_logoutTest_byStatus_passed_PASS1_row"
                class="testMethodStatusPASS">
               <td width="100%" class="firstMethodCell">
                  <a onclick="toggleDetailsVisibility('com.orangehrm.testsuite.Logout_logoutTest_byStatus_passed_PASS1_details')">logoutTest()</a>
               </td>
               <td nowrap="true">23:37:11</td>
               <td nowrap="true" align="right">4s
                  
               </td>
               <td nowrap="true">
                   
                  
               </td>
            </tr>
            <tr>
               <td colspan="4" class="detailsBox">
                  <div id="com.orangehrm.testsuite.Logout_logoutTest_byStatus_passed_PASS1_details"
                       class="testMethodDetails">
                     <div>
                        <b>Name: </b>logoutTest
                     </div>
                     <div>
                        <b>Signature: </b>logoutTest()[pri:0, instance:com.orangehrm.testsuite.Logout@1af304c8]
                     </div>
                     <div>
                        <b>Start time: </b>23:37:11
                     </div>
                     <div>
                        <b>End time: </b>23:37:16
                     </div>
                     <div>
                        <b>Duration: </b>4s
                        
                     </div>
                  </div>
               </td>
            </tr>
            <tr></tr>
            <tr id="com.orangehrm.testsuite.Login_loginTest_byStatus_passed_PASS2_row"
                class="testMethodStatusPASS">
               <td width="100%" class="firstMethodCell">
                  <a onclick="toggleDetailsVisibility('com.orangehrm.testsuite.Login_loginTest_byStatus_passed_PASS2_details')">loginTest(chrome)</a>
               </td>
               <td nowrap="true">23:36:30</td>
               <td nowrap="true" align="right">8s
                  
               </td>
               <td nowrap="true">
                   
                  
               </td>
            </tr>
            <tr>
               <td colspan="4" class="detailsBox">
                  <div id="com.orangehrm.testsuite.Login_loginTest_byStatus_passed_PASS2_details"
                       class="testMethodDetails">
                     <div>
                        <b>Name: </b>loginTest
                     </div>
                     <div>
                        <b>Signature: </b>loginTest(java.lang.String)[pri:0, instance:com.orangehrm.testsuite.Login@48bef44a]
                     </div>
                     <div>
                        <b>Parameters: </b>
                        
                        chrome
                        
                        
                     </div>
                     <div>
                        <b>Start time: </b>23:36:30
                     </div>
                     <div>
                        <b>End time: </b>23:36:38
                     </div>
                     <div>
                        <b>Duration: </b>8s
                        
                     </div>
                  </div>
               </td>
            </tr>
            <tr></tr>
            <tr id="com.orangehrm.testsuite.Login_loginTest_byStatus_passed_PASS3_row"
                class="testMethodStatusPASS">
               <td width="100%" class="firstMethodCell">
                  <a onclick="toggleDetailsVisibility('com.orangehrm.testsuite.Login_loginTest_byStatus_passed_PASS3_details')">loginTest(firefox)</a>
               </td>
               <td nowrap="true">23:36:30</td>
               <td nowrap="true" align="right">18s
                  
               </td>
               <td nowrap="true">
                   
                  
               </td>
            </tr>
            <tr>
               <td colspan="4" class="detailsBox">
                  <div id="com.orangehrm.testsuite.Login_loginTest_byStatus_passed_PASS3_details"
                       class="testMethodDetails">
                     <div>
                        <b>Name: </b>loginTest
                     </div>
                     <div>
                        <b>Signature: </b>loginTest(java.lang.String)[pri:0, instance:com.orangehrm.testsuite.Login@549e3065]
                     </div>
                     <div>
                        <b>Parameters: </b>
                        
                        firefox
                        
                        
                     </div>
                     <div>
                        <b>Start time: </b>23:36:30
                     </div>
                     <div>
                        <b>End time: </b>23:36:48
                     </div>
                     <div>
                        <b>Duration: </b>18s
                        
                     </div>
                  </div>
               </td>
            </tr>
            <tr></tr>
            <tr id="com.orangehrm.testsuite.TakingScreenshot_takieScrrenshot_byStatus_skiped_SKIP1_row"
                class="testMethodStatusSKIP">
               <td width="100%" class="firstMethodCell">
                  <a onclick="toggleDetailsVisibility('com.orangehrm.testsuite.TakingScreenshot_takieScrrenshot_byStatus_skiped_SKIP1_details')">takieScrrenshot()</a>
               </td>
               <td nowrap="true">23:37:11</td>
               <td nowrap="true" align="right">35 ms
                  
               </td>
               <td nowrap="true">
                  <a onclick="toggleDetailsVisibility('com.orangehrm.testsuite.TakingScreenshot_takieScrrenshot_byStatus_skiped_SKIP1_exception')">org.testng.SkipException: 
                     Skipped screenshot test
                     
                  </a>
                   
                  
               </td>
            </tr>
            <tr>
               <td colspan="4" class="detailsBox">
                  <div id="com.orangehrm.testsuite.TakingScreenshot_takieScrrenshot_byStatus_skiped_SKIP1_details"
                       class="testMethodDetails">
                     <div>
                        <b>Name: </b>takieScrrenshot
                     </div>
                     <div>
                        <b>Signature: </b>takieScrrenshot()[pri:0, instance:com.orangehrm.testsuite.TakingScreenshot@70984b95]
                     </div>
                     <div>
                        <b>Start time: </b>23:37:11
                     </div>
                     <div>
                        <b>End time: </b>23:37:11
                     </div>
                     <div>
                        <b>Duration: </b>35 ms
                        
                     </div>
                  </div>
               </td>
            </tr>
            <tr>
               <td colspan="4" class="detailsBox">
                  <div id="com.orangehrm.testsuite.TakingScreenshot_takieScrrenshot_byStatus_skiped_SKIP1_exception"
                       class="testMethodDetails">
                     <pre style="padding: 5px; margin: 0;">org.testng.SkipException: Skipped screenshot test
                        	at com.orangehrm.testsuite.TakingScreenshot.takieScrrenshot(TakingScreenshot.java:16)
                        	at sun.reflect.NativeMethodAccessorImpl.invoke0(Native Method)
                        	at sun.reflect.NativeMethodAccessorImpl.invoke(Unknown Source)
                        	at sun.reflect.DelegatingMethodAccessorImpl.invoke(Unknown Source)
                        	at java.lang.reflect.Method.invoke(Unknown Source)
                        	at org.testng.internal.MethodInvocationHelper.invokeMethod(MethodInvocationHelper.java:84)
                        	at org.testng.internal.Invoker.invokeMethod(Invoker.java:714)
                        	at org.testng.internal.Invoker.invokeTestMethod(Invoker.java:901)
                        	at org.testng.internal.Invoker.invokeTestMethods(Invoker.java:1231)
                        	at org.testng.internal.TestMethodWorker.invokeTestMethods(TestMethodWorker.java:127)
                        	at org.testng.internal.TestMethodWorker.run(TestMethodWorker.java:111)
                        	at org.testng.TestRunner.privateRun(TestRunner.java:767)
                        	at org.testng.TestRunner.run(TestRunner.java:617)
                        	at org.testng.SuiteRunner.runTest(SuiteRunner.java:334)
                        	at org.testng.SuiteRunner.access$000(SuiteRunner.java:37)
                        	at org.testng.SuiteRunner$SuiteWorker.run(SuiteRunner.java:368)
                        	at org.testng.internal.thread.ThreadUtil$2.call(ThreadUtil.java:64)
                        	at java.util.concurrent.FutureTask.run(Unknown Source)
                        	at java.util.concurrent.ThreadPoolExecutor.runWorker(Unknown Source)
                        	at java.util.concurrent.ThreadPoolExecutor$Worker.run(Unknown Source)
                        	at java.lang.Thread.run(Unknown Source)
                     </pre>
                  </div>
               </td>
            </tr>
            <tr id="com.orangehrm.testsuite.TakingScreenshot_takieScrrenshot_byStatus_skiped_SKIP2_row"
                class="testMethodStatusSKIP">
               <td width="100%" class="firstMethodCell">
                  <a onclick="toggleDetailsVisibility('com.orangehrm.testsuite.TakingScreenshot_takieScrrenshot_byStatus_skiped_SKIP2_details')">takieScrrenshot()</a>
               </td>
               <td nowrap="true">23:37:21</td>
               <td nowrap="true" align="right">54 ms
                  
               </td>
               <td nowrap="true">
                  <a onclick="toggleDetailsVisibility('com.orangehrm.testsuite.TakingScreenshot_takieScrrenshot_byStatus_skiped_SKIP2_exception')">org.testng.SkipException: 
                     Skipped screenshot test
                     
                  </a>
                   
                  
               </td>
            </tr>
            <tr>
               <td colspan="4" class="detailsBox">
                  <div id="com.orangehrm.testsuite.TakingScreenshot_takieScrrenshot_byStatus_skiped_SKIP2_details"
                       class="testMethodDetails">
                     <div>
                        <b>Name: </b>takieScrrenshot
                     </div>
                     <div>
                        <b>Signature: </b>takieScrrenshot()[pri:0, instance:com.orangehrm.testsuite.TakingScreenshot@5d7b6249]
                     </div>
                     <div>
                        <b>Start time: </b>23:37:21
                     </div>
                     <div>
                        <b>End time: </b>23:37:21
                     </div>
                     <div>
                        <b>Duration: </b>54 ms
                        
                     </div>
                  </div>
               </td>
            </tr>
            <tr>
               <td colspan="4" class="detailsBox">
                  <div id="com.orangehrm.testsuite.TakingScreenshot_takieScrrenshot_byStatus_skiped_SKIP2_exception"
                       class="testMethodDetails">
                     <pre style="padding: 5px; margin: 0;">org.testng.SkipException: Skipped screenshot test
                        	at com.orangehrm.testsuite.TakingScreenshot.takieScrrenshot(TakingScreenshot.java:16)
                        	at sun.reflect.NativeMethodAccessorImpl.invoke0(Native Method)
                        	at sun.reflect.NativeMethodAccessorImpl.invoke(Unknown Source)
                        	at sun.reflect.DelegatingMethodAccessorImpl.invoke(Unknown Source)
                        	at java.lang.reflect.Method.invoke(Unknown Source)
                        	at org.testng.internal.MethodInvocationHelper.invokeMethod(MethodInvocationHelper.java:84)
                        	at org.testng.internal.Invoker.invokeMethod(Invoker.java:714)
                        	at org.testng.internal.Invoker.invokeTestMethod(Invoker.java:901)
                        	at org.testng.internal.Invoker.invokeTestMethods(Invoker.java:1231)
                        	at org.testng.internal.TestMethodWorker.invokeTestMethods(TestMethodWorker.java:127)
                        	at org.testng.internal.TestMethodWorker.run(TestMethodWorker.java:111)
                        	at org.testng.TestRunner.privateRun(TestRunner.java:767)
                        	at org.testng.TestRunner.run(TestRunner.java:617)
                        	at org.testng.SuiteRunner.runTest(SuiteRunner.java:334)
                        	at org.testng.SuiteRunner.access$000(SuiteRunner.java:37)
                        	at org.testng.SuiteRunner$SuiteWorker.run(SuiteRunner.java:368)
                        	at org.testng.internal.thread.ThreadUtil$2.call(ThreadUtil.java:64)
                        	at java.util.concurrent.FutureTask.run(Unknown Source)
                        	at java.util.concurrent.ThreadPoolExecutor.runWorker(Unknown Source)
                        	at java.util.concurrent.ThreadPoolExecutor$Worker.run(Unknown Source)
                        	at java.lang.Thread.run(Unknown Source)
                     </pre>
                  </div>
               </td>
            </tr>
         </table>
      </div>
      <div id="testMethodsByClass" style="display: none;">
         <table class="testMethodsTable" cellpadding="0" cellspacing="0">
            <tr>
               <td colspan="4">
                  <h3 style="display: inline;">com.orangehrm.testsuite.AddEmployee</h3>
               </td>
            </tr>
            <tr class="methodsTableHeader">
               <td width="100%">Name</td>
               <td nowrap="true">Started</td>
               <td nowrap="true">Duration</td>
               <td>Exception</td>
            </tr>
            <tr id="com.orangehrm.testsuite.AddEmployee_addEmployeeTest_byClass_FAIL1_row"
                class="testMethodStatusFAIL">
               <td width="100%" class="firstMethodCell">
                  <a onclick="toggleDetailsVisibility('com.orangehrm.testsuite.AddEmployee_addEmployeeTest_byClass_FAIL1_details')">addEmployeeTest()</a>
               </td>
               <td nowrap="true">23:36:38</td>
               <td nowrap="true" align="right">32s
                  
               </td>
               <td nowrap="true">
                  <a onclick="toggleDetailsVisibility('com.orangehrm.testsuite.AddEmployee_addEmployeeTest_byClass_FAIL1_exception')">org.openqa.selenium.StaleElementReferenceException: 
                     stale element reference: element is not attached to the page document
                     (Session info: chrome=45.0.2454.101)
                     (Driver info: chromedriver=2.16.333243 (0bfa1d3575fc1044244f21ddb82bf870944ef961),platform=Windows NT 6.1 x86_64) (WARNING:
                     The server did not provide any stacktrace information)
                     Command duration or timeout: 22 milliseconds
                     For documentation on this error, please visit: http://seleniumhq.org/exceptions/stale_element_reference.html
                     Build info: version: '2.45.0', revision: '5017cb8', time: '2015-02-26 23:59:50'
                     System info: host: 'sys', ip: '192.168.0.3', os.name: 'Windows 7', os.arch: 'amd64', os.version: '6.1', java.version: '1.7.0_55'
                     Session ID: 9fb8506b157c363ff64c4987a4bb6cf2
                     Driver info: org.openqa.selenium.chrome.ChromeDriver
                     Capabilities [{platform=XP, acceptSslCerts=true, javascriptEnabled=true, browserName=chrome, chrome={userDataDir=C:\Users\sai\AppData\Local\Temp\scoped_dir6964_6451},
                     rotatable=false, locationContextEnabled=true, mobileEmulationEnabled=false, version=45.0.2454.101, takesHeapSnapshot=true,
                     cssSelectorsEnabled=true, databaseEnabled=false, handlesAlerts=true, browserConnectionEnabled=false, webStorageEnabled=true,
                     nativeEvents=true, hasTouchScreen=false, applicationCacheEnabled=false, takesScreenshot=true}]
                     Command duration or timeout: 306 milliseconds
                     For documentation on this error, please visit: http://seleniumhq.org/exceptions/stale_element_reference.html
                     Build info: version: '2.47.1', revision: '411b314', time: '2015-07-30 03:03:16'
                     System info: host: 'sys', ip: '192.168.0.3', os.name: 'Windows 7', os.arch: 'amd64', os.version: '6.1', java.version: '1.7.0_55'
                     Session ID: 40691ffe-9020-4cfd-9ee2-6792c4cd2f57
                     Driver info: org.openqa.selenium.remote.RemoteWebDriver
                     Capabilities [{platform=XP, acceptSslCerts=true, javascriptEnabled=true, browserName=chrome, chrome={userDataDir=C:\Users\sai\AppData\Local\Temp\scoped_dir6964_6451},
                     rotatable=false, locationContextEnabled=true, mobileEmulationEnabled=false, webdriver.remote.sessionid=40691ffe-9020-4cfd-9ee2-6792c4cd2f57,
                     version=45.0.2454.101, takesHeapSnapshot=true, cssSelectorsEnabled=true, databaseEnabled=false, handlesAlerts=true, browserConnectionEnabled=false,
                     webStorageEnabled=true, nativeEvents=true, hasTouchScreen=false, applicationCacheEnabled=false, takesScreenshot=true}]
                     
                  </a>
                   
                  
               </td>
            </tr>
            <tr>
               <td colspan="4" class="detailsBox">
                  <div id="com.orangehrm.testsuite.AddEmployee_addEmployeeTest_byClass_FAIL1_details"
                       class="testMethodDetails">
                     <div>
                        <b>Name: </b>addEmployeeTest
                     </div>
                     <div>
                        <b>Signature: </b>addEmployeeTest()[pri:0, instance:com.orangehrm.testsuite.AddEmployee@69cb7fc]
                     </div>
                     <div>
                        <b>Start time: </b>23:36:38
                     </div>
                     <div>
                        <b>End time: </b>23:37:11
                     </div>
                     <div>
                        <b>Duration: </b>32s
                        
                     </div>
                  </div>
               </td>
            </tr>
            <tr>
               <td colspan="4" class="detailsBox">
                  <div id="com.orangehrm.testsuite.AddEmployee_addEmployeeTest_byClass_FAIL1_exception"
                       class="testMethodDetails">
                     <pre style="padding: 5px; margin: 0;">org.openqa.selenium.StaleElementReferenceException: stale element reference: element is not attached to the page document
                        (Session info: chrome=45.0.2454.101)
                        (Driver info: chromedriver=2.16.333243 (0bfa1d3575fc1044244f21ddb82bf870944ef961),platform=Windows NT 6.1 x86_64) (WARNING:
                        The server did not provide any stacktrace information)
                        Command duration or timeout: 22 milliseconds
                        For documentation on this error, please visit: http://seleniumhq.org/exceptions/stale_element_reference.html
                        Build info: version: '2.45.0', revision: '5017cb8', time: '2015-02-26 23:59:50'
                        System info: host: 'sys', ip: '192.168.0.3', os.name: 'Windows 7', os.arch: 'amd64', os.version: '6.1', java.version: '1.7.0_55'
                        Session ID: 9fb8506b157c363ff64c4987a4bb6cf2
                        Driver info: org.openqa.selenium.chrome.ChromeDriver
                        Capabilities [{platform=XP, acceptSslCerts=true, javascriptEnabled=true, browserName=chrome, chrome={userDataDir=C:\Users\sai\AppData\Local\Temp\scoped_dir6964_6451},
                        rotatable=false, locationContextEnabled=true, mobileEmulationEnabled=false, version=45.0.2454.101, takesHeapSnapshot=true,
                        cssSelectorsEnabled=true, databaseEnabled=false, handlesAlerts=true, browserConnectionEnabled=false, webStorageEnabled=true,
                        nativeEvents=true, hasTouchScreen=false, applicationCacheEnabled=false, takesScreenshot=true}]
                        Command duration or timeout: 306 milliseconds
                        For documentation on this error, please visit: http://seleniumhq.org/exceptions/stale_element_reference.html
                        Build info: version: '2.47.1', revision: '411b314', time: '2015-07-30 03:03:16'
                        System info: host: 'sys', ip: '192.168.0.3', os.name: 'Windows 7', os.arch: 'amd64', os.version: '6.1', java.version: '1.7.0_55'
                        Session ID: 40691ffe-9020-4cfd-9ee2-6792c4cd2f57
                        Driver info: org.openqa.selenium.remote.RemoteWebDriver
                        Capabilities [{platform=XP, acceptSslCerts=true, javascriptEnabled=true, browserName=chrome, chrome={userDataDir=C:\Users\sai\AppData\Local\Temp\scoped_dir6964_6451},
                        rotatable=false, locationContextEnabled=true, mobileEmulationEnabled=false, webdriver.remote.sessionid=40691ffe-9020-4cfd-9ee2-6792c4cd2f57,
                        version=45.0.2454.101, takesHeapSnapshot=true, cssSelectorsEnabled=true, databaseEnabled=false, handlesAlerts=true, browserConnectionEnabled=false,
                        webStorageEnabled=true, nativeEvents=true, hasTouchScreen=false, applicationCacheEnabled=false, takesScreenshot=true}]
                        	at sun.reflect.NativeConstructorAccessorImpl.newInstance0(Native Method)
                        	at sun.reflect.NativeConstructorAccessorImpl.newInstance(Unknown Source)
                        	at sun.reflect.DelegatingConstructorAccessorImpl.newInstance(Unknown Source)
                        	at java.lang.reflect.Constructor.newInstance(Unknown Source)
                        	at org.openqa.selenium.remote.ErrorHandler.createThrowable(ErrorHandler.java:206)
                        	at org.openqa.selenium.remote.ErrorHandler.throwIfResponseFailed(ErrorHandler.java:158)
                        	at org.openqa.selenium.remote.RemoteWebDriver.execute(RemoteWebDriver.java:595)
                        	at org.openqa.selenium.remote.RemoteWebElement.execute(RemoteWebElement.java:273)
                        	at org.openqa.selenium.remote.RemoteWebElement.clear(RemoteWebElement.java:118)
                        	at sun.reflect.NativeMethodAccessorImpl.invoke0(Native Method)
                        	at sun.reflect.NativeMethodAccessorImpl.invoke(Unknown Source)
                        	at sun.reflect.DelegatingMethodAccessorImpl.invoke(Unknown Source)
                        	at java.lang.reflect.Method.invoke(Unknown Source)
                        	at org.openqa.selenium.support.pagefactory.internal.LocatingElementHandler.invoke(LocatingElementHandler.java:51)
                        	at com.sun.proxy.$Proxy7.clear(Unknown Source)
                        	at com.orangehrm.testsuite.AddEmployeePage.addEmployee(AddEmployeePage.java:41)
                        	at com.orangehrm.testsuite.AddEmployee.addEmployeeTest(AddEmployee.java:32)
                        	at sun.reflect.NativeMethodAccessorImpl.invoke0(Native Method)
                        	at sun.reflect.NativeMethodAccessorImpl.invoke(Unknown Source)
                        	at sun.reflect.DelegatingMethodAccessorImpl.invoke(Unknown Source)
                        	at java.lang.reflect.Method.invoke(Unknown Source)
                        	at org.testng.internal.MethodInvocationHelper.invokeMethod(MethodInvocationHelper.java:84)
                        	at org.testng.internal.Invoker.invokeMethod(Invoker.java:714)
                        	at org.testng.internal.Invoker.invokeTestMethod(Invoker.java:901)
                        	at org.testng.internal.Invoker.invokeTestMethods(Invoker.java:1231)
                        	at org.testng.internal.TestMethodWorker.invokeTestMethods(TestMethodWorker.java:127)
                        	at org.testng.internal.TestMethodWorker.run(TestMethodWorker.java:111)
                        	at org.testng.TestRunner.privateRun(TestRunner.java:767)
                        	at org.testng.TestRunner.run(TestRunner.java:617)
                        	at org.testng.SuiteRunner.runTest(SuiteRunner.java:334)
                        	at org.testng.SuiteRunner.access$000(SuiteRunner.java:37)
                        	at org.testng.SuiteRunner$SuiteWorker.run(SuiteRunner.java:368)
                        	at org.testng.internal.thread.ThreadUtil$2.call(ThreadUtil.java:64)
                        	at java.util.concurrent.FutureTask.run(Unknown Source)
                        	at java.util.concurrent.ThreadPoolExecutor.runWorker(Unknown Source)
                        	at java.util.concurrent.ThreadPoolExecutor$Worker.run(Unknown Source)
                        	at java.lang.Thread.run(Unknown Source)
                        Caused by: org.openqa.selenium.remote.ScreenshotException: Screen shot has been taken
                        Build info: version: '2.47.1', revision: '411b314', time: '2015-07-30 03:03:16'
                        System info: host: 'sys', ip: '192.168.0.3', os.name: 'Windows 7', os.arch: 'amd64', os.version: '6.1', java.version: '1.7.0_55'
                        Driver info: driver.version: RemoteWebDriver
                        	at org.openqa.selenium.remote.ErrorHandler.throwIfResponseFailed(ErrorHandler.java:138)
                        	... 31 more
                        Caused by: org.openqa.selenium.StaleElementReferenceException: stale element reference: element is not attached to the page
                        document
                        (Session info: chrome=45.0.2454.101)
                        (Driver info: chromedriver=2.16.333243 (0bfa1d3575fc1044244f21ddb82bf870944ef961),platform=Windows NT 6.1 x86_64) (WARNING:
                        The server did not provide any stacktrace information)
                        Command duration or timeout: 22 milliseconds
                        For documentation on this error, please visit: http://seleniumhq.org/exceptions/stale_element_reference.html
                        Build info: version: '2.45.0', revision: '5017cb8', time: '2015-02-26 23:59:50'
                        System info: host: 'sys', ip: '192.168.0.3', os.name: 'Windows 7', os.arch: 'amd64', os.version: '6.1', java.version: '1.7.0_55'
                        Session ID: 9fb8506b157c363ff64c4987a4bb6cf2
                        Driver info: org.openqa.selenium.chrome.ChromeDriver
                        Capabilities [{platform=XP, acceptSslCerts=true, javascriptEnabled=true, browserName=chrome, chrome={userDataDir=C:\Users\sai\AppData\Local\Temp\scoped_dir6964_6451},
                        rotatable=false, locationContextEnabled=true, mobileEmulationEnabled=false, version=45.0.2454.101, takesHeapSnapshot=true,
                        cssSelectorsEnabled=true, databaseEnabled=false, handlesAlerts=true, browserConnectionEnabled=false, webStorageEnabled=true,
                        nativeEvents=true, hasTouchScreen=false, applicationCacheEnabled=false, takesScreenshot=true}]
                        For documentation on this error, please visit: http://seleniumhq.org/exceptions/stale_element_reference.html
                        Build info: version: '2.47.1', revision: '411b314', time: '2015-07-30 03:03:16'
                        System info: host: 'sys', ip: '192.168.0.3', os.name: 'Windows 7', os.arch: 'amd64', os.version: '6.1', java.version: '1.7.0_55'
                        Driver info: driver.version: RemoteWebDriver
                        	at sun.reflect.NativeConstructorAccessorImpl.newInstance0(Native Method)
                        	at sun.reflect.NativeConstructorAccessorImpl.newInstance(Unknown Source)
                        	at sun.reflect.DelegatingConstructorAccessorImpl.newInstance(Unknown Source)
                        	at java.lang.reflect.Constructor.newInstance(Unknown Source)
                        	at org.openqa.selenium.remote.ErrorHandler.createThrowable(ErrorHandler.java:204)
                        	at org.openqa.selenium.remote.ErrorHandler.throwIfResponseFailed(ErrorHandler.java:156)
                        	at org.openqa.selenium.remote.RemoteWebDriver.execute(RemoteWebDriver.java:599)
                        	at org.openqa.selenium.remote.RemoteWebElement.execute(RemoteWebElement.java:268)
                        	at org.openqa.selenium.remote.RemoteWebElement.clear(RemoteWebElement.java:113)
                        	at sun.reflect.NativeMethodAccessorImpl.invoke0(Native Method)
                        	at sun.reflect.NativeMethodAccessorImpl.invoke(Unknown Source)
                        	at sun.reflect.DelegatingMethodAccessorImpl.invoke(Unknown Source)
                        	at java.lang.reflect.Method.invoke(Unknown Source)
                        	at org.openqa.selenium.support.events.EventFiringWebDriver$EventFiringWebElement$1.invoke(EventFiringWebDriver.java:331)
                        	at com.sun.proxy.$Proxy3.clear(Unknown Source)
                        	at org.openqa.selenium.support.events.EventFiringWebDriver$EventFiringWebElement.clear(EventFiringWebDriver.java:360)
                        	at sun.reflect.NativeMethodAccessorImpl.invoke0(Native Method)
                        	at sun.reflect.NativeMethodAccessorImpl.invoke(Unknown Source)
                        	at sun.reflect.DelegatingMethodAccessorImpl.invoke(Unknown Source)
                        	at java.lang.reflect.Method.invoke(Unknown Source)
                        	at org.openqa.selenium.remote.server.KnownElements$1.invoke(KnownElements.java:63)
                        	at com.sun.proxy.$Proxy4.clear(Unknown Source)
                        	at org.openqa.selenium.remote.server.handler.ClearElement.call(ClearElement.java:29)
                        	at org.openqa.selenium.remote.server.handler.ClearElement.call(ClearElement.java:1)
                        	at java.util.concurrent.FutureTask.run(Unknown Source)
                        	at org.openqa.selenium.remote.server.DefaultSession$1.run(DefaultSession.java:168)
                        	... 3 more
                     </pre>
                  </div>
               </td>
            </tr>
         </table>
         <br></br>
         <table class="testMethodsTable" cellpadding="0" cellspacing="0">
            <tr>
               <td colspan="4">
                  <h3 style="display: inline;">com.orangehrm.testsuite.AddEmployee</h3>
               </td>
            </tr>
            <tr class="methodsTableHeader">
               <td width="100%">Name</td>
               <td nowrap="true">Started</td>
               <td nowrap="true">Duration</td>
               <td>Exception</td>
            </tr>
            <tr id="com.orangehrm.testsuite.AddEmployee_addEmployeeTest_byClass_FAIL1_row"
                class="testMethodStatusFAIL">
               <td width="100%" class="firstMethodCell">
                  <a onclick="toggleDetailsVisibility('com.orangehrm.testsuite.AddEmployee_addEmployeeTest_byClass_FAIL1_details')">addEmployeeTest()</a>
               </td>
               <td nowrap="true">23:36:48</td>
               <td nowrap="true" align="right">32s
                  
               </td>
               <td nowrap="true">
                  <a onclick="toggleDetailsVisibility('com.orangehrm.testsuite.AddEmployee_addEmployeeTest_byClass_FAIL1_exception')">org.openqa.selenium.NoSuchElementException: 
                     Unable to locate element: {"method":"link text","selector":"Add Employee"}
                     For documentation on this error, please visit: http://seleniumhq.org/exceptions/no_such_element.html
                     Build info: version: '2.45.0', revision: '5017cb8', time: '2015-02-26 23:59:50'
                     System info: host: 'sys', ip: '192.168.0.3', os.name: 'Windows 7', os.arch: 'amd64', os.version: '6.1', java.version: '1.7.0_55'
                     Driver info: driver.version: unknown
                     Command duration or timeout: 200 milliseconds
                     For documentation on this error, please visit: http://seleniumhq.org/exceptions/no_such_element.html
                     Build info: version: '2.47.1', revision: '411b314', time: '2015-07-30 03:03:16'
                     System info: host: 'sys', ip: '192.168.0.3', os.name: 'Windows 7', os.arch: 'amd64', os.version: '6.1', java.version: '1.7.0_55'
                     *** Element info: {Using=link text, value=Add Employee}
                     Session ID: bf10a9a3-4437-47e3-8833-0a54a9c06be6
                     Driver info: org.openqa.selenium.remote.RemoteWebDriver
                     Capabilities [{platform=WINDOWS, javascriptEnabled=true, acceptSslCerts=true, browserName=firefox, rotatable=false, locationContextEnabled=true,
                     webdriver.remote.sessionid=bf10a9a3-4437-47e3-8833-0a54a9c06be6, version=41.0.1, databaseEnabled=true, cssSelectorsEnabled=true,
                     handlesAlerts=true, webStorageEnabled=true, nativeEvents=false, applicationCacheEnabled=true, takesScreenshot=true}]
                     
                  </a>
                   
                  
               </td>
            </tr>
            <tr>
               <td colspan="4" class="detailsBox">
                  <div id="com.orangehrm.testsuite.AddEmployee_addEmployeeTest_byClass_FAIL1_details"
                       class="testMethodDetails">
                     <div>
                        <b>Name: </b>addEmployeeTest
                     </div>
                     <div>
                        <b>Signature: </b>addEmployeeTest()[pri:0, instance:com.orangehrm.testsuite.AddEmployee@17ce2804]
                     </div>
                     <div>
                        <b>Start time: </b>23:36:48
                     </div>
                     <div>
                        <b>End time: </b>23:37:21
                     </div>
                     <div>
                        <b>Duration: </b>32s
                        
                     </div>
                  </div>
               </td>
            </tr>
            <tr>
               <td colspan="4" class="detailsBox">
                  <div id="com.orangehrm.testsuite.AddEmployee_addEmployeeTest_byClass_FAIL1_exception"
                       class="testMethodDetails">
                     <pre style="padding: 5px; margin: 0;">org.openqa.selenium.NoSuchElementException: Unable to locate element: {"method":"link text","selector":"Add Employee"}
                        For documentation on this error, please visit: http://seleniumhq.org/exceptions/no_such_element.html
                        Build info: version: '2.45.0', revision: '5017cb8', time: '2015-02-26 23:59:50'
                        System info: host: 'sys', ip: '192.168.0.3', os.name: 'Windows 7', os.arch: 'amd64', os.version: '6.1', java.version: '1.7.0_55'
                        Driver info: driver.version: unknown
                        Command duration or timeout: 200 milliseconds
                        For documentation on this error, please visit: http://seleniumhq.org/exceptions/no_such_element.html
                        Build info: version: '2.47.1', revision: '411b314', time: '2015-07-30 03:03:16'
                        System info: host: 'sys', ip: '192.168.0.3', os.name: 'Windows 7', os.arch: 'amd64', os.version: '6.1', java.version: '1.7.0_55'
                        *** Element info: {Using=link text, value=Add Employee}
                        Session ID: bf10a9a3-4437-47e3-8833-0a54a9c06be6
                        Driver info: org.openqa.selenium.remote.RemoteWebDriver
                        Capabilities [{platform=WINDOWS, javascriptEnabled=true, acceptSslCerts=true, browserName=firefox, rotatable=false, locationContextEnabled=true,
                        webdriver.remote.sessionid=bf10a9a3-4437-47e3-8833-0a54a9c06be6, version=41.0.1, databaseEnabled=true, cssSelectorsEnabled=true,
                        handlesAlerts=true, webStorageEnabled=true, nativeEvents=false, applicationCacheEnabled=true, takesScreenshot=true}]
                        	at sun.reflect.NativeConstructorAccessorImpl.newInstance0(Native Method)
                        	at sun.reflect.NativeConstructorAccessorImpl.newInstance(Unknown Source)
                        	at sun.reflect.DelegatingConstructorAccessorImpl.newInstance(Unknown Source)
                        	at java.lang.reflect.Constructor.newInstance(Unknown Source)
                        	at org.openqa.selenium.remote.ErrorHandler.createThrowable(ErrorHandler.java:206)
                        	at org.openqa.selenium.remote.ErrorHandler.throwIfResponseFailed(ErrorHandler.java:158)
                        	at org.openqa.selenium.remote.RemoteWebDriver.execute(RemoteWebDriver.java:595)
                        	at org.openqa.selenium.remote.RemoteWebDriver.findElement(RemoteWebDriver.java:348)
                        	at org.openqa.selenium.remote.RemoteWebDriver.findElementByLinkText(RemoteWebDriver.java:397)
                        	at org.openqa.selenium.By$ByLinkText.findElement(By.java:243)
                        	at org.openqa.selenium.remote.RemoteWebDriver.findElement(RemoteWebDriver.java:340)
                        	at org.openqa.selenium.support.pagefactory.DefaultElementLocator.findElement(DefaultElementLocator.java:69)
                        	at org.openqa.selenium.support.pagefactory.internal.LocatingElementHandler.invoke(LocatingElementHandler.java:38)
                        	at com.sun.proxy.$Proxy7.click(Unknown Source)
                        	at com.orangehrm.testsuite.AddEmployeePage.addEmployee(AddEmployeePage.java:40)
                        	at com.orangehrm.testsuite.AddEmployee.addEmployeeTest(AddEmployee.java:32)
                        	at sun.reflect.NativeMethodAccessorImpl.invoke0(Native Method)
                        	at sun.reflect.NativeMethodAccessorImpl.invoke(Unknown Source)
                        	at sun.reflect.DelegatingMethodAccessorImpl.invoke(Unknown Source)
                        	at java.lang.reflect.Method.invoke(Unknown Source)
                        	at org.testng.internal.MethodInvocationHelper.invokeMethod(MethodInvocationHelper.java:84)
                        	at org.testng.internal.Invoker.invokeMethod(Invoker.java:714)
                        	at org.testng.internal.Invoker.invokeTestMethod(Invoker.java:901)
                        	at org.testng.internal.Invoker.invokeTestMethods(Invoker.java:1231)
                        	at org.testng.internal.TestMethodWorker.invokeTestMethods(TestMethodWorker.java:127)
                        	at org.testng.internal.TestMethodWorker.run(TestMethodWorker.java:111)
                        	at org.testng.TestRunner.privateRun(TestRunner.java:767)
                        	at org.testng.TestRunner.run(TestRunner.java:617)
                        	at org.testng.SuiteRunner.runTest(SuiteRunner.java:334)
                        	at org.testng.SuiteRunner.access$000(SuiteRunner.java:37)
                        	at org.testng.SuiteRunner$SuiteWorker.run(SuiteRunner.java:368)
                        	at org.testng.internal.thread.ThreadUtil$2.call(ThreadUtil.java:64)
                        	at java.util.concurrent.FutureTask.run(Unknown Source)
                        	at java.util.concurrent.ThreadPoolExecutor.runWorker(Unknown Source)
                        	at java.util.concurrent.ThreadPoolExecutor$Worker.run(Unknown Source)
                        	at java.lang.Thread.run(Unknown Source)
                        Caused by: org.openqa.selenium.remote.ScreenshotException: Screen shot has been taken
                        Build info: version: '2.47.1', revision: '411b314', time: '2015-07-30 03:03:16'
                        System info: host: 'sys', ip: '192.168.0.3', os.name: 'Windows 7', os.arch: 'amd64', os.version: '6.1', java.version: '1.7.0_55'
                        Driver info: driver.version: RemoteWebDriver
                        	at org.openqa.selenium.remote.ErrorHandler.throwIfResponseFailed(ErrorHandler.java:138)
                        	... 30 more
                        Caused by: org.openqa.selenium.NoSuchElementException: Unable to locate element: {"method":"link text","selector":"Add Employee"}
                        For documentation on this error, please visit: http://seleniumhq.org/exceptions/no_such_element.html
                        Build info: version: '2.45.0', revision: '5017cb8', time: '2015-02-26 23:59:50'
                        System info: host: 'sys', ip: '192.168.0.3', os.name: 'Windows 7', os.arch: 'amd64', os.version: '6.1', java.version: '1.7.0_55'
                        Driver info: driver.version: unknown
                        For documentation on this error, please visit: http://seleniumhq.org/exceptions/no_such_element.html
                        Build info: version: '2.47.1', revision: '411b314', time: '2015-07-30 03:03:16'
                        System info: host: 'sys', ip: '192.168.0.3', os.name: 'Windows 7', os.arch: 'amd64', os.version: '6.1', java.version: '1.7.0_55'
                        Driver info: driver.version: unknown
                        	at &lt;anonymous class&gt;.FirefoxDriver.prototype.findElementInternal_(file:///C:/Users/sai/AppData/Local/Temp/anonymous4729175491978270521webdriver-profile/extensions/fxdriver@googlecode.com/components/driver-component.js:10271)
                        	at &lt;anonymous class&gt;.FirefoxDriver.prototype.findElement(file:///C:/Users/sai/AppData/Local/Temp/anonymous4729175491978270521webdriver-profile/extensions/fxdriver@googlecode.com/components/driver-component.js:10280)
                        	at &lt;anonymous class&gt;.DelayedCommand.prototype.executeInternal_/h(file:///C:/Users/sai/AppData/Local/Temp/anonymous4729175491978270521webdriver-profile/extensions/fxdriver@googlecode.com/components/command-processor.js:12274)
                        	at &lt;anonymous class&gt;.DelayedCommand.prototype.executeInternal_(file:///C:/Users/sai/AppData/Local/Temp/anonymous4729175491978270521webdriver-profile/extensions/fxdriver@googlecode.com/components/command-processor.js:12279)
                        	at &lt;anonymous class&gt;.DelayedCommand.prototype.execute/&lt;(file:///C:/Users/sai/AppData/Local/Temp/anonymous4729175491978270521webdriver-profile/extensions/fxdriver@googlecode.com/components/command-processor.js:12221)
                     </pre>
                  </div>
               </td>
            </tr>
         </table>
         <br></br>
         <table class="testMethodsTable" cellpadding="0" cellspacing="0">
            <tr>
               <td colspan="4">
                  <h3 style="display: inline;">com.orangehrm.testsuite.Failure</h3>
               </td>
            </tr>
            <tr class="methodsTableHeader">
               <td width="100%">Name</td>
               <td nowrap="true">Started</td>
               <td nowrap="true">Duration</td>
               <td>Exception</td>
            </tr>
            <tr id="com.orangehrm.testsuite.Failure_failTest_byClass_FAIL1_row"
                class="testMethodStatusFAIL">
               <td width="100%" class="firstMethodCell">
                  <a onclick="toggleDetailsVisibility('com.orangehrm.testsuite.Failure_failTest_byClass_FAIL1_details')">failTest()</a>
               </td>
               <td nowrap="true">23:37:11</td>
               <td nowrap="true" align="right">816 ms
                  
               </td>
               <td nowrap="true">
                  <a onclick="toggleDetailsVisibility('com.orangehrm.testsuite.Failure_failTest_byClass_FAIL1_exception')">org.openqa.selenium.NoSuchElementException: 
                     Unable to locate element: {"method":"id","selector":"abc"}
                     For documentation on this error, please visit: http://seleniumhq.org/exceptions/no_such_element.html
                     Build info: version: '2.45.0', revision: '5017cb8', time: '2015-02-26 23:59:50'
                     System info: host: 'sys', ip: '192.168.0.3', os.name: 'Windows 7', os.arch: 'amd64', os.version: '6.1', java.version: '1.7.0_55'
                     Driver info: driver.version: unknown
                     Command duration or timeout: 814 milliseconds
                     For documentation on this error, please visit: http://seleniumhq.org/exceptions/no_such_element.html
                     Build info: version: '2.47.1', revision: '411b314', time: '2015-07-30 03:03:16'
                     System info: host: 'sys', ip: '192.168.0.3', os.name: 'Windows 7', os.arch: 'amd64', os.version: '6.1', java.version: '1.7.0_55'
                     *** Element info: {Using=id, value=abc}
                     Session ID: bf10a9a3-4437-47e3-8833-0a54a9c06be6
                     Driver info: org.openqa.selenium.remote.RemoteWebDriver
                     Capabilities [{platform=WINDOWS, javascriptEnabled=true, acceptSslCerts=true, browserName=firefox, rotatable=false, locationContextEnabled=true,
                     webdriver.remote.sessionid=bf10a9a3-4437-47e3-8833-0a54a9c06be6, version=41.0.1, databaseEnabled=true, cssSelectorsEnabled=true,
                     handlesAlerts=true, webStorageEnabled=true, nativeEvents=false, applicationCacheEnabled=true, takesScreenshot=true}]
                     
                  </a>
                   
                  
               </td>
            </tr>
            <tr>
               <td colspan="4" class="detailsBox">
                  <div id="com.orangehrm.testsuite.Failure_failTest_byClass_FAIL1_details"
                       class="testMethodDetails">
                     <div>
                        <b>Name: </b>failTest
                     </div>
                     <div>
                        <b>Signature: </b>failTest()[pri:0, instance:com.orangehrm.testsuite.Failure@62bb8ae8]
                     </div>
                     <div>
                        <b>Start time: </b>23:37:11
                     </div>
                     <div>
                        <b>End time: </b>23:37:11
                     </div>
                     <div>
                        <b>Duration: </b>816 ms
                        
                     </div>
                  </div>
               </td>
            </tr>
            <tr>
               <td colspan="4" class="detailsBox">
                  <div id="com.orangehrm.testsuite.Failure_failTest_byClass_FAIL1_exception"
                       class="testMethodDetails">
                     <pre style="padding: 5px; margin: 0;">org.openqa.selenium.NoSuchElementException: Unable to locate element: {"method":"id","selector":"abc"}
                        For documentation on this error, please visit: http://seleniumhq.org/exceptions/no_such_element.html
                        Build info: version: '2.45.0', revision: '5017cb8', time: '2015-02-26 23:59:50'
                        System info: host: 'sys', ip: '192.168.0.3', os.name: 'Windows 7', os.arch: 'amd64', os.version: '6.1', java.version: '1.7.0_55'
                        Driver info: driver.version: unknown
                        Command duration or timeout: 814 milliseconds
                        For documentation on this error, please visit: http://seleniumhq.org/exceptions/no_such_element.html
                        Build info: version: '2.47.1', revision: '411b314', time: '2015-07-30 03:03:16'
                        System info: host: 'sys', ip: '192.168.0.3', os.name: 'Windows 7', os.arch: 'amd64', os.version: '6.1', java.version: '1.7.0_55'
                        *** Element info: {Using=id, value=abc}
                        Session ID: bf10a9a3-4437-47e3-8833-0a54a9c06be6
                        Driver info: org.openqa.selenium.remote.RemoteWebDriver
                        Capabilities [{platform=WINDOWS, javascriptEnabled=true, acceptSslCerts=true, browserName=firefox, rotatable=false, locationContextEnabled=true,
                        webdriver.remote.sessionid=bf10a9a3-4437-47e3-8833-0a54a9c06be6, version=41.0.1, databaseEnabled=true, cssSelectorsEnabled=true,
                        handlesAlerts=true, webStorageEnabled=true, nativeEvents=false, applicationCacheEnabled=true, takesScreenshot=true}]
                        	at sun.reflect.NativeConstructorAccessorImpl.newInstance0(Native Method)
                        	at sun.reflect.NativeConstructorAccessorImpl.newInstance(Unknown Source)
                        	at sun.reflect.DelegatingConstructorAccessorImpl.newInstance(Unknown Source)
                        	at java.lang.reflect.Constructor.newInstance(Unknown Source)
                        	at org.openqa.selenium.remote.ErrorHandler.createThrowable(ErrorHandler.java:206)
                        	at org.openqa.selenium.remote.ErrorHandler.throwIfResponseFailed(ErrorHandler.java:158)
                        	at org.openqa.selenium.remote.RemoteWebDriver.execute(RemoteWebDriver.java:595)
                        	at org.openqa.selenium.remote.RemoteWebDriver.findElement(RemoteWebDriver.java:348)
                        	at org.openqa.selenium.remote.RemoteWebDriver.findElementById(RemoteWebDriver.java:389)
                        	at org.openqa.selenium.By$ById.findElement(By.java:215)
                        	at org.openqa.selenium.remote.RemoteWebDriver.findElement(RemoteWebDriver.java:340)
                        	at com.orangehrm.testsuite.Failure.failTest(Failure.java:10)
                        	at sun.reflect.NativeMethodAccessorImpl.invoke0(Native Method)
                        	at sun.reflect.NativeMethodAccessorImpl.invoke(Unknown Source)
                        	at sun.reflect.DelegatingMethodAccessorImpl.invoke(Unknown Source)
                        	at java.lang.reflect.Method.invoke(Unknown Source)
                        	at org.testng.internal.MethodInvocationHelper.invokeMethod(MethodInvocationHelper.java:84)
                        	at org.testng.internal.Invoker.invokeMethod(Invoker.java:714)
                        	at org.testng.internal.Invoker.invokeTestMethod(Invoker.java:901)
                        	at org.testng.internal.Invoker.invokeTestMethods(Invoker.java:1231)
                        	at org.testng.internal.TestMethodWorker.invokeTestMethods(TestMethodWorker.java:127)
                        	at org.testng.internal.TestMethodWorker.run(TestMethodWorker.java:111)
                        	at org.testng.TestRunner.privateRun(TestRunner.java:767)
                        	at org.testng.TestRunner.run(TestRunner.java:617)
                        	at org.testng.SuiteRunner.runTest(SuiteRunner.java:334)
                        	at org.testng.SuiteRunner.access$000(SuiteRunner.java:37)
                        	at org.testng.SuiteRunner$SuiteWorker.run(SuiteRunner.java:368)
                        	at org.testng.internal.thread.ThreadUtil$2.call(ThreadUtil.java:64)
                        	at java.util.concurrent.FutureTask.run(Unknown Source)
                        	at java.util.concurrent.ThreadPoolExecutor.runWorker(Unknown Source)
                        	at java.util.concurrent.ThreadPoolExecutor$Worker.run(Unknown Source)
                        	at java.lang.Thread.run(Unknown Source)
                        Caused by: org.openqa.selenium.remote.ScreenshotException: Screen shot has been taken
                        Build info: version: '2.47.1', revision: '411b314', time: '2015-07-30 03:03:16'
                        System info: host: 'sys', ip: '192.168.0.3', os.name: 'Windows 7', os.arch: 'amd64', os.version: '6.1', java.version: '1.7.0_55'
                        Driver info: driver.version: RemoteWebDriver
                        	at org.openqa.selenium.remote.ErrorHandler.throwIfResponseFailed(ErrorHandler.java:138)
                        	... 26 more
                        Caused by: org.openqa.selenium.NoSuchElementException: Unable to locate element: {"method":"id","selector":"abc"}
                        For documentation on this error, please visit: http://seleniumhq.org/exceptions/no_such_element.html
                        Build info: version: '2.45.0', revision: '5017cb8', time: '2015-02-26 23:59:50'
                        System info: host: 'sys', ip: '192.168.0.3', os.name: 'Windows 7', os.arch: 'amd64', os.version: '6.1', java.version: '1.7.0_55'
                        Driver info: driver.version: unknown
                        For documentation on this error, please visit: http://seleniumhq.org/exceptions/no_such_element.html
                        Build info: version: '2.47.1', revision: '411b314', time: '2015-07-30 03:03:16'
                        System info: host: 'sys', ip: '192.168.0.3', os.name: 'Windows 7', os.arch: 'amd64', os.version: '6.1', java.version: '1.7.0_55'
                        Driver info: driver.version: unknown
                        	at &lt;anonymous class&gt;.FirefoxDriver.prototype.findElementInternal_(file:///C:/Users/sai/AppData/Local/Temp/anonymous4729175491978270521webdriver-profile/extensions/fxdriver@googlecode.com/components/driver-component.js:10271)
                        	at &lt;anonymous class&gt;.FirefoxDriver.prototype.findElement(file:///C:/Users/sai/AppData/Local/Temp/anonymous4729175491978270521webdriver-profile/extensions/fxdriver@googlecode.com/components/driver-component.js:10280)
                        	at &lt;anonymous class&gt;.DelayedCommand.prototype.executeInternal_/h(file:///C:/Users/sai/AppData/Local/Temp/anonymous4729175491978270521webdriver-profile/extensions/fxdriver@googlecode.com/components/command-processor.js:12274)
                        	at &lt;anonymous class&gt;.DelayedCommand.prototype.executeInternal_(file:///C:/Users/sai/AppData/Local/Temp/anonymous4729175491978270521webdriver-profile/extensions/fxdriver@googlecode.com/components/command-processor.js:12279)
                        	at &lt;anonymous class&gt;.DelayedCommand.prototype.execute/&lt;(file:///C:/Users/sai/AppData/Local/Temp/anonymous4729175491978270521webdriver-profile/extensions/fxdriver@googlecode.com/components/command-processor.js:12221)
                     </pre>
                  </div>
               </td>
            </tr>
         </table>
         <br></br>
         <table class="testMethodsTable" cellpadding="0" cellspacing="0">
            <tr>
               <td colspan="4">
                  <h3 style="display: inline;">com.orangehrm.testsuite.Failure</h3>
               </td>
            </tr>
            <tr class="methodsTableHeader">
               <td width="100%">Name</td>
               <td nowrap="true">Started</td>
               <td nowrap="true">Duration</td>
               <td>Exception</td>
            </tr>
            <tr id="com.orangehrm.testsuite.Failure_failTest_byClass_FAIL1_row"
                class="testMethodStatusFAIL">
               <td width="100%" class="firstMethodCell">
                  <a onclick="toggleDetailsVisibility('com.orangehrm.testsuite.Failure_failTest_byClass_FAIL1_details')">failTest()</a>
               </td>
               <td nowrap="true">23:37:21</td>
               <td nowrap="true" align="right">146 ms
                  
               </td>
               <td nowrap="true">
                  <a onclick="toggleDetailsVisibility('com.orangehrm.testsuite.Failure_failTest_byClass_FAIL1_exception')">org.openqa.selenium.NoSuchElementException: 
                     Unable to locate element: {"method":"id","selector":"abc"}
                     For documentation on this error, please visit: http://seleniumhq.org/exceptions/no_such_element.html
                     Build info: version: '2.45.0', revision: '5017cb8', time: '2015-02-26 23:59:50'
                     System info: host: 'sys', ip: '192.168.0.3', os.name: 'Windows 7', os.arch: 'amd64', os.version: '6.1', java.version: '1.7.0_55'
                     Driver info: driver.version: unknown
                     Command duration or timeout: 145 milliseconds
                     For documentation on this error, please visit: http://seleniumhq.org/exceptions/no_such_element.html
                     Build info: version: '2.47.1', revision: '411b314', time: '2015-07-30 03:03:16'
                     System info: host: 'sys', ip: '192.168.0.3', os.name: 'Windows 7', os.arch: 'amd64', os.version: '6.1', java.version: '1.7.0_55'
                     *** Element info: {Using=id, value=abc}
                     Session ID: bf10a9a3-4437-47e3-8833-0a54a9c06be6
                     Driver info: org.openqa.selenium.remote.RemoteWebDriver
                     Capabilities [{platform=WINDOWS, javascriptEnabled=true, acceptSslCerts=true, browserName=firefox, rotatable=false, locationContextEnabled=true,
                     webdriver.remote.sessionid=bf10a9a3-4437-47e3-8833-0a54a9c06be6, version=41.0.1, databaseEnabled=true, cssSelectorsEnabled=true,
                     handlesAlerts=true, webStorageEnabled=true, nativeEvents=false, applicationCacheEnabled=true, takesScreenshot=true}]
                     
                  </a>
                   
                  
               </td>
            </tr>
            <tr>
               <td colspan="4" class="detailsBox">
                  <div id="com.orangehrm.testsuite.Failure_failTest_byClass_FAIL1_details"
                       class="testMethodDetails">
                     <div>
                        <b>Name: </b>failTest
                     </div>
                     <div>
                        <b>Signature: </b>failTest()[pri:0, instance:com.orangehrm.testsuite.Failure@efd025d]
                     </div>
                     <div>
                        <b>Start time: </b>23:37:21
                     </div>
                     <div>
                        <b>End time: </b>23:37:21
                     </div>
                     <div>
                        <b>Duration: </b>146 ms
                        
                     </div>
                  </div>
               </td>
            </tr>
            <tr>
               <td colspan="4" class="detailsBox">
                  <div id="com.orangehrm.testsuite.Failure_failTest_byClass_FAIL1_exception"
                       class="testMethodDetails">
                     <pre style="padding: 5px; margin: 0;">org.openqa.selenium.NoSuchElementException: Unable to locate element: {"method":"id","selector":"abc"}
                        For documentation on this error, please visit: http://seleniumhq.org/exceptions/no_such_element.html
                        Build info: version: '2.45.0', revision: '5017cb8', time: '2015-02-26 23:59:50'
                        System info: host: 'sys', ip: '192.168.0.3', os.name: 'Windows 7', os.arch: 'amd64', os.version: '6.1', java.version: '1.7.0_55'
                        Driver info: driver.version: unknown
                        Command duration or timeout: 145 milliseconds
                        For documentation on this error, please visit: http://seleniumhq.org/exceptions/no_such_element.html
                        Build info: version: '2.47.1', revision: '411b314', time: '2015-07-30 03:03:16'
                        System info: host: 'sys', ip: '192.168.0.3', os.name: 'Windows 7', os.arch: 'amd64', os.version: '6.1', java.version: '1.7.0_55'
                        *** Element info: {Using=id, value=abc}
                        Session ID: bf10a9a3-4437-47e3-8833-0a54a9c06be6
                        Driver info: org.openqa.selenium.remote.RemoteWebDriver
                        Capabilities [{platform=WINDOWS, javascriptEnabled=true, acceptSslCerts=true, browserName=firefox, rotatable=false, locationContextEnabled=true,
                        webdriver.remote.sessionid=bf10a9a3-4437-47e3-8833-0a54a9c06be6, version=41.0.1, databaseEnabled=true, cssSelectorsEnabled=true,
                        handlesAlerts=true, webStorageEnabled=true, nativeEvents=false, applicationCacheEnabled=true, takesScreenshot=true}]
                        	at sun.reflect.NativeConstructorAccessorImpl.newInstance0(Native Method)
                        	at sun.reflect.NativeConstructorAccessorImpl.newInstance(Unknown Source)
                        	at sun.reflect.DelegatingConstructorAccessorImpl.newInstance(Unknown Source)
                        	at java.lang.reflect.Constructor.newInstance(Unknown Source)
                        	at org.openqa.selenium.remote.ErrorHandler.createThrowable(ErrorHandler.java:206)
                        	at org.openqa.selenium.remote.ErrorHandler.throwIfResponseFailed(ErrorHandler.java:158)
                        	at org.openqa.selenium.remote.RemoteWebDriver.execute(RemoteWebDriver.java:595)
                        	at org.openqa.selenium.remote.RemoteWebDriver.findElement(RemoteWebDriver.java:348)
                        	at org.openqa.selenium.remote.RemoteWebDriver.findElementById(RemoteWebDriver.java:389)
                        	at org.openqa.selenium.By$ById.findElement(By.java:215)
                        	at org.openqa.selenium.remote.RemoteWebDriver.findElement(RemoteWebDriver.java:340)
                        	at com.orangehrm.testsuite.Failure.failTest(Failure.java:10)
                        	at sun.reflect.NativeMethodAccessorImpl.invoke0(Native Method)
                        	at sun.reflect.NativeMethodAccessorImpl.invoke(Unknown Source)
                        	at sun.reflect.DelegatingMethodAccessorImpl.invoke(Unknown Source)
                        	at java.lang.reflect.Method.invoke(Unknown Source)
                        	at org.testng.internal.MethodInvocationHelper.invokeMethod(MethodInvocationHelper.java:84)
                        	at org.testng.internal.Invoker.invokeMethod(Invoker.java:714)
                        	at org.testng.internal.Invoker.invokeTestMethod(Invoker.java:901)
                        	at org.testng.internal.Invoker.invokeTestMethods(Invoker.java:1231)
                        	at org.testng.internal.TestMethodWorker.invokeTestMethods(TestMethodWorker.java:127)
                        	at org.testng.internal.TestMethodWorker.run(TestMethodWorker.java:111)
                        	at org.testng.TestRunner.privateRun(TestRunner.java:767)
                        	at org.testng.TestRunner.run(TestRunner.java:617)
                        	at org.testng.SuiteRunner.runTest(SuiteRunner.java:334)
                        	at org.testng.SuiteRunner.access$000(SuiteRunner.java:37)
                        	at org.testng.SuiteRunner$SuiteWorker.run(SuiteRunner.java:368)
                        	at org.testng.internal.thread.ThreadUtil$2.call(ThreadUtil.java:64)
                        	at java.util.concurrent.FutureTask.run(Unknown Source)
                        	at java.util.concurrent.ThreadPoolExecutor.runWorker(Unknown Source)
                        	at java.util.concurrent.ThreadPoolExecutor$Worker.run(Unknown Source)
                        	at java.lang.Thread.run(Unknown Source)
                        Caused by: org.openqa.selenium.remote.ScreenshotException: Screen shot has been taken
                        Build info: version: '2.47.1', revision: '411b314', time: '2015-07-30 03:03:16'
                        System info: host: 'sys', ip: '192.168.0.3', os.name: 'Windows 7', os.arch: 'amd64', os.version: '6.1', java.version: '1.7.0_55'
                        Driver info: driver.version: RemoteWebDriver
                        	at org.openqa.selenium.remote.ErrorHandler.throwIfResponseFailed(ErrorHandler.java:138)
                        	... 26 more
                        Caused by: org.openqa.selenium.NoSuchElementException: Unable to locate element: {"method":"id","selector":"abc"}
                        For documentation on this error, please visit: http://seleniumhq.org/exceptions/no_such_element.html
                        Build info: version: '2.45.0', revision: '5017cb8', time: '2015-02-26 23:59:50'
                        System info: host: 'sys', ip: '192.168.0.3', os.name: 'Windows 7', os.arch: 'amd64', os.version: '6.1', java.version: '1.7.0_55'
                        Driver info: driver.version: unknown
                        For documentation on this error, please visit: http://seleniumhq.org/exceptions/no_such_element.html
                        Build info: version: '2.47.1', revision: '411b314', time: '2015-07-30 03:03:16'
                        System info: host: 'sys', ip: '192.168.0.3', os.name: 'Windows 7', os.arch: 'amd64', os.version: '6.1', java.version: '1.7.0_55'
                        Driver info: driver.version: unknown
                        	at &lt;anonymous class&gt;.FirefoxDriver.prototype.findElementInternal_(file:///C:/Users/sai/AppData/Local/Temp/anonymous4729175491978270521webdriver-profile/extensions/fxdriver@googlecode.com/components/driver-component.js:10271)
                        	at &lt;anonymous class&gt;.FirefoxDriver.prototype.findElement(file:///C:/Users/sai/AppData/Local/Temp/anonymous4729175491978270521webdriver-profile/extensions/fxdriver@googlecode.com/components/driver-component.js:10280)
                        	at &lt;anonymous class&gt;.DelayedCommand.prototype.executeInternal_/h(file:///C:/Users/sai/AppData/Local/Temp/anonymous4729175491978270521webdriver-profile/extensions/fxdriver@googlecode.com/components/command-processor.js:12274)
                        	at &lt;anonymous class&gt;.DelayedCommand.prototype.executeInternal_(file:///C:/Users/sai/AppData/Local/Temp/anonymous4729175491978270521webdriver-profile/extensions/fxdriver@googlecode.com/components/command-processor.js:12279)
                        	at &lt;anonymous class&gt;.DelayedCommand.prototype.execute/&lt;(file:///C:/Users/sai/AppData/Local/Temp/anonymous4729175491978270521webdriver-profile/extensions/fxdriver@googlecode.com/components/command-processor.js:12221)
                     </pre>
                  </div>
               </td>
            </tr>
         </table>
         <br></br>
         <table class="testMethodsTable" cellpadding="0" cellspacing="0">
            <tr>
               <td colspan="4">
                  <h3 style="display: inline;">com.orangehrm.testsuite.Login</h3>
               </td>
            </tr>
            <tr class="methodsTableHeader">
               <td width="100%">Name</td>
               <td nowrap="true">Started</td>
               <td nowrap="true">Duration</td>
               <td>Exception</td>
            </tr>
            <tr id="com.orangehrm.testsuite.Login_loginTest_byClass_PASS1_row"
                class="testMethodStatusPASS">
               <td width="100%" class="firstMethodCell">
                  <a onclick="toggleDetailsVisibility('com.orangehrm.testsuite.Login_loginTest_byClass_PASS1_details')">loginTest(chrome)</a>
               </td>
               <td nowrap="true">23:36:30</td>
               <td nowrap="true" align="right">8s
                  
               </td>
               <td nowrap="true">
                   
                  
               </td>
            </tr>
            <tr>
               <td colspan="4" class="detailsBox">
                  <div id="com.orangehrm.testsuite.Login_loginTest_byClass_PASS1_details"
                       class="testMethodDetails">
                     <div>
                        <b>Name: </b>loginTest
                     </div>
                     <div>
                        <b>Signature: </b>loginTest(java.lang.String)[pri:0, instance:com.orangehrm.testsuite.Login@48bef44a]
                     </div>
                     <div>
                        <b>Parameters: </b>
                        
                        chrome
                        
                        
                     </div>
                     <div>
                        <b>Start time: </b>23:36:30
                     </div>
                     <div>
                        <b>End time: </b>23:36:38
                     </div>
                     <div>
                        <b>Duration: </b>8s
                        
                     </div>
                  </div>
               </td>
            </tr>
            <tr></tr>
         </table>
         <br></br>
         <table class="testMethodsTable" cellpadding="0" cellspacing="0">
            <tr>
               <td colspan="4">
                  <h3 style="display: inline;">com.orangehrm.testsuite.Login</h3>
               </td>
            </tr>
            <tr class="methodsTableHeader">
               <td width="100%">Name</td>
               <td nowrap="true">Started</td>
               <td nowrap="true">Duration</td>
               <td>Exception</td>
            </tr>
            <tr id="com.orangehrm.testsuite.Login_loginTest_byClass_PASS1_row"
                class="testMethodStatusPASS">
               <td width="100%" class="firstMethodCell">
                  <a onclick="toggleDetailsVisibility('com.orangehrm.testsuite.Login_loginTest_byClass_PASS1_details')">loginTest(firefox)</a>
               </td>
               <td nowrap="true">23:36:30</td>
               <td nowrap="true" align="right">18s
                  
               </td>
               <td nowrap="true">
                   
                  
               </td>
            </tr>
            <tr>
               <td colspan="4" class="detailsBox">
                  <div id="com.orangehrm.testsuite.Login_loginTest_byClass_PASS1_details"
                       class="testMethodDetails">
                     <div>
                        <b>Name: </b>loginTest
                     </div>
                     <div>
                        <b>Signature: </b>loginTest(java.lang.String)[pri:0, instance:com.orangehrm.testsuite.Login@549e3065]
                     </div>
                     <div>
                        <b>Parameters: </b>
                        
                        firefox
                        
                        
                     </div>
                     <div>
                        <b>Start time: </b>23:36:30
                     </div>
                     <div>
                        <b>End time: </b>23:36:48
                     </div>
                     <div>
                        <b>Duration: </b>18s
                        
                     </div>
                  </div>
               </td>
            </tr>
            <tr></tr>
         </table>
         <br></br>
         <table class="testMethodsTable" cellpadding="0" cellspacing="0">
            <tr>
               <td colspan="4">
                  <h3 style="display: inline;">com.orangehrm.testsuite.Logout</h3>
               </td>
            </tr>
            <tr class="methodsTableHeader">
               <td width="100%">Name</td>
               <td nowrap="true">Started</td>
               <td nowrap="true">Duration</td>
               <td>Exception</td>
            </tr>
            <tr id="com.orangehrm.testsuite.Logout_logoutTest_byClass_PASS1_row"
                class="testMethodStatusPASS">
               <td width="100%" class="firstMethodCell">
                  <a onclick="toggleDetailsVisibility('com.orangehrm.testsuite.Logout_logoutTest_byClass_PASS1_details')">logoutTest()</a>
               </td>
               <td nowrap="true">23:37:11</td>
               <td nowrap="true" align="right">4s
                  
               </td>
               <td nowrap="true">
                   
                  
               </td>
            </tr>
            <tr>
               <td colspan="4" class="detailsBox">
                  <div id="com.orangehrm.testsuite.Logout_logoutTest_byClass_PASS1_details"
                       class="testMethodDetails">
                     <div>
                        <b>Name: </b>logoutTest
                     </div>
                     <div>
                        <b>Signature: </b>logoutTest()[pri:0, instance:com.orangehrm.testsuite.Logout@1af304c8]
                     </div>
                     <div>
                        <b>Start time: </b>23:37:11
                     </div>
                     <div>
                        <b>End time: </b>23:37:16
                     </div>
                     <div>
                        <b>Duration: </b>4s
                        
                     </div>
                  </div>
               </td>
            </tr>
            <tr></tr>
         </table>
         <br></br>
         <table class="testMethodsTable" cellpadding="0" cellspacing="0">
            <tr>
               <td colspan="4">
                  <h3 style="display: inline;">com.orangehrm.testsuite.Logout</h3>
               </td>
            </tr>
            <tr class="methodsTableHeader">
               <td width="100%">Name</td>
               <td nowrap="true">Started</td>
               <td nowrap="true">Duration</td>
               <td>Exception</td>
            </tr>
            <tr id="com.orangehrm.testsuite.Logout_logoutTest_byClass_FAIL1_row"
                class="testMethodStatusFAIL">
               <td width="100%" class="firstMethodCell">
                  <a onclick="toggleDetailsVisibility('com.orangehrm.testsuite.Logout_logoutTest_byClass_FAIL1_details')">logoutTest()</a>
               </td>
               <td nowrap="true">23:37:21</td>
               <td nowrap="true" align="right">200 ms
                  
               </td>
               <td nowrap="true">
                  <a onclick="toggleDetailsVisibility('com.orangehrm.testsuite.Logout_logoutTest_byClass_FAIL1_exception')">org.openqa.selenium.NoSuchElementException: 
                     Unable to locate element: {"method":"id","selector":"welcome"}
                     For documentation on this error, please visit: http://seleniumhq.org/exceptions/no_such_element.html
                     Build info: version: '2.45.0', revision: '5017cb8', time: '2015-02-26 23:59:50'
                     System info: host: 'sys', ip: '192.168.0.3', os.name: 'Windows 7', os.arch: 'amd64', os.version: '6.1', java.version: '1.7.0_55'
                     Driver info: driver.version: unknown
                     Command duration or timeout: 154 milliseconds
                     For documentation on this error, please visit: http://seleniumhq.org/exceptions/no_such_element.html
                     Build info: version: '2.47.1', revision: '411b314', time: '2015-07-30 03:03:16'
                     System info: host: 'sys', ip: '192.168.0.3', os.name: 'Windows 7', os.arch: 'amd64', os.version: '6.1', java.version: '1.7.0_55'
                     *** Element info: {Using=id, value=welcome}
                     Session ID: bf10a9a3-4437-47e3-8833-0a54a9c06be6
                     Driver info: org.openqa.selenium.remote.RemoteWebDriver
                     Capabilities [{platform=WINDOWS, javascriptEnabled=true, acceptSslCerts=true, browserName=firefox, rotatable=false, locationContextEnabled=true,
                     webdriver.remote.sessionid=bf10a9a3-4437-47e3-8833-0a54a9c06be6, version=41.0.1, databaseEnabled=true, cssSelectorsEnabled=true,
                     handlesAlerts=true, webStorageEnabled=true, nativeEvents=false, applicationCacheEnabled=true, takesScreenshot=true}]
                     
                  </a>
                   
                  
               </td>
            </tr>
            <tr>
               <td colspan="4" class="detailsBox">
                  <div id="com.orangehrm.testsuite.Logout_logoutTest_byClass_FAIL1_details"
                       class="testMethodDetails">
                     <div>
                        <b>Name: </b>logoutTest
                     </div>
                     <div>
                        <b>Signature: </b>logoutTest()[pri:0, instance:com.orangehrm.testsuite.Logout@5fa52ad1]
                     </div>
                     <div>
                        <b>Start time: </b>23:37:21
                     </div>
                     <div>
                        <b>End time: </b>23:37:22
                     </div>
                     <div>
                        <b>Duration: </b>200 ms
                        
                     </div>
                  </div>
               </td>
            </tr>
            <tr>
               <td colspan="4" class="detailsBox">
                  <div id="com.orangehrm.testsuite.Logout_logoutTest_byClass_FAIL1_exception"
                       class="testMethodDetails">
                     <pre style="padding: 5px; margin: 0;">org.openqa.selenium.NoSuchElementException: Unable to locate element: {"method":"id","selector":"welcome"}
                        For documentation on this error, please visit: http://seleniumhq.org/exceptions/no_such_element.html
                        Build info: version: '2.45.0', revision: '5017cb8', time: '2015-02-26 23:59:50'
                        System info: host: 'sys', ip: '192.168.0.3', os.name: 'Windows 7', os.arch: 'amd64', os.version: '6.1', java.version: '1.7.0_55'
                        Driver info: driver.version: unknown
                        Command duration or timeout: 154 milliseconds
                        For documentation on this error, please visit: http://seleniumhq.org/exceptions/no_such_element.html
                        Build info: version: '2.47.1', revision: '411b314', time: '2015-07-30 03:03:16'
                        System info: host: 'sys', ip: '192.168.0.3', os.name: 'Windows 7', os.arch: 'amd64', os.version: '6.1', java.version: '1.7.0_55'
                        *** Element info: {Using=id, value=welcome}
                        Session ID: bf10a9a3-4437-47e3-8833-0a54a9c06be6
                        Driver info: org.openqa.selenium.remote.RemoteWebDriver
                        Capabilities [{platform=WINDOWS, javascriptEnabled=true, acceptSslCerts=true, browserName=firefox, rotatable=false, locationContextEnabled=true,
                        webdriver.remote.sessionid=bf10a9a3-4437-47e3-8833-0a54a9c06be6, version=41.0.1, databaseEnabled=true, cssSelectorsEnabled=true,
                        handlesAlerts=true, webStorageEnabled=true, nativeEvents=false, applicationCacheEnabled=true, takesScreenshot=true}]
                        	at sun.reflect.NativeConstructorAccessorImpl.newInstance0(Native Method)
                        	at sun.reflect.NativeConstructorAccessorImpl.newInstance(Unknown Source)
                        	at sun.reflect.DelegatingConstructorAccessorImpl.newInstance(Unknown Source)
                        	at java.lang.reflect.Constructor.newInstance(Unknown Source)
                        	at org.openqa.selenium.remote.ErrorHandler.createThrowable(ErrorHandler.java:206)
                        	at org.openqa.selenium.remote.ErrorHandler.throwIfResponseFailed(ErrorHandler.java:158)
                        	at org.openqa.selenium.remote.RemoteWebDriver.execute(RemoteWebDriver.java:595)
                        	at org.openqa.selenium.remote.RemoteWebDriver.findElement(RemoteWebDriver.java:348)
                        	at org.openqa.selenium.remote.RemoteWebDriver.findElementById(RemoteWebDriver.java:389)
                        	at org.openqa.selenium.By$ById.findElement(By.java:215)
                        	at org.openqa.selenium.remote.RemoteWebDriver.findElement(RemoteWebDriver.java:340)
                        	at org.openqa.selenium.support.pagefactory.DefaultElementLocator.findElement(DefaultElementLocator.java:69)
                        	at org.openqa.selenium.support.pagefactory.internal.LocatingElementHandler.invoke(LocatingElementHandler.java:38)
                        	at com.sun.proxy.$Proxy7.click(Unknown Source)
                        	at com.orangehrm.testsuite.LogoutPage.logout(LogoutPage.java:16)
                        	at com.orangehrm.testsuite.Logout.logoutTest(Logout.java:22)
                        	at sun.reflect.NativeMethodAccessorImpl.invoke0(Native Method)
                        	at sun.reflect.NativeMethodAccessorImpl.invoke(Unknown Source)
                        	at sun.reflect.DelegatingMethodAccessorImpl.invoke(Unknown Source)
                        	at java.lang.reflect.Method.invoke(Unknown Source)
                        	at org.testng.internal.MethodInvocationHelper.invokeMethod(MethodInvocationHelper.java:84)
                        	at org.testng.internal.Invoker.invokeMethod(Invoker.java:714)
                        	at org.testng.internal.Invoker.invokeTestMethod(Invoker.java:901)
                        	at org.testng.internal.Invoker.invokeTestMethods(Invoker.java:1231)
                        	at org.testng.internal.TestMethodWorker.invokeTestMethods(TestMethodWorker.java:127)
                        	at org.testng.internal.TestMethodWorker.run(TestMethodWorker.java:111)
                        	at org.testng.TestRunner.privateRun(TestRunner.java:767)
                        	at org.testng.TestRunner.run(TestRunner.java:617)
                        	at org.testng.SuiteRunner.runTest(SuiteRunner.java:334)
                        	at org.testng.SuiteRunner.access$000(SuiteRunner.java:37)
                        	at org.testng.SuiteRunner$SuiteWorker.run(SuiteRunner.java:368)
                        	at org.testng.internal.thread.ThreadUtil$2.call(ThreadUtil.java:64)
                        	at java.util.concurrent.FutureTask.run(Unknown Source)
                        	at java.util.concurrent.ThreadPoolExecutor.runWorker(Unknown Source)
                        	at java.util.concurrent.ThreadPoolExecutor$Worker.run(Unknown Source)
                        	at java.lang.Thread.run(Unknown Source)
                        Caused by: org.openqa.selenium.remote.ScreenshotException: Screen shot has been taken
                        Build info: version: '2.47.1', revision: '411b314', time: '2015-07-30 03:03:16'
                        System info: host: 'sys', ip: '192.168.0.3', os.name: 'Windows 7', os.arch: 'amd64', os.version: '6.1', java.version: '1.7.0_55'
                        Driver info: driver.version: RemoteWebDriver
                        	at org.openqa.selenium.remote.ErrorHandler.throwIfResponseFailed(ErrorHandler.java:138)
                        	... 30 more
                        Caused by: org.openqa.selenium.NoSuchElementException: Unable to locate element: {"method":"id","selector":"welcome"}
                        For documentation on this error, please visit: http://seleniumhq.org/exceptions/no_such_element.html
                        Build info: version: '2.45.0', revision: '5017cb8', time: '2015-02-26 23:59:50'
                        System info: host: 'sys', ip: '192.168.0.3', os.name: 'Windows 7', os.arch: 'amd64', os.version: '6.1', java.version: '1.7.0_55'
                        Driver info: driver.version: unknown
                        For documentation on this error, please visit: http://seleniumhq.org/exceptions/no_such_element.html
                        Build info: version: '2.47.1', revision: '411b314', time: '2015-07-30 03:03:16'
                        System info: host: 'sys', ip: '192.168.0.3', os.name: 'Windows 7', os.arch: 'amd64', os.version: '6.1', java.version: '1.7.0_55'
                        Driver info: driver.version: unknown
                        	at &lt;anonymous class&gt;.FirefoxDriver.prototype.findElementInternal_(file:///C:/Users/sai/AppData/Local/Temp/anonymous4729175491978270521webdriver-profile/extensions/fxdriver@googlecode.com/components/driver-component.js:10271)
                        	at &lt;anonymous class&gt;.FirefoxDriver.prototype.findElement(file:///C:/Users/sai/AppData/Local/Temp/anonymous4729175491978270521webdriver-profile/extensions/fxdriver@googlecode.com/components/driver-component.js:10280)
                        	at &lt;anonymous class&gt;.DelayedCommand.prototype.executeInternal_/h(file:///C:/Users/sai/AppData/Local/Temp/anonymous4729175491978270521webdriver-profile/extensions/fxdriver@googlecode.com/components/command-processor.js:12274)
                        	at &lt;anonymous class&gt;.DelayedCommand.prototype.executeInternal_(file:///C:/Users/sai/AppData/Local/Temp/anonymous4729175491978270521webdriver-profile/extensions/fxdriver@googlecode.com/components/command-processor.js:12279)
                        	at &lt;anonymous class&gt;.DelayedCommand.prototype.execute/&lt;(file:///C:/Users/sai/AppData/Local/Temp/anonymous4729175491978270521webdriver-profile/extensions/fxdriver@googlecode.com/components/command-processor.js:12221)
                     </pre>
                  </div>
               </td>
            </tr>
         </table>
         <br></br>
         <table class="testMethodsTable" cellpadding="0" cellspacing="0">
            <tr>
               <td colspan="4">
                  <h3 style="display: inline;">com.orangehrm.testsuite.TakingScreenshot</h3>
               </td>
            </tr>
            <tr class="methodsTableHeader">
               <td width="100%">Name</td>
               <td nowrap="true">Started</td>
               <td nowrap="true">Duration</td>
               <td>Exception</td>
            </tr>
            <tr id="com.orangehrm.testsuite.TakingScreenshot_takieScrrenshot_byClass_SKIP1_row"
                class="testMethodStatusSKIP">
               <td width="100%" class="firstMethodCell">
                  <a onclick="toggleDetailsVisibility('com.orangehrm.testsuite.TakingScreenshot_takieScrrenshot_byClass_SKIP1_details')">takieScrrenshot()</a>
               </td>
               <td nowrap="true">23:37:11</td>
               <td nowrap="true" align="right">35 ms
                  
               </td>
               <td nowrap="true">
                  <a onclick="toggleDetailsVisibility('com.orangehrm.testsuite.TakingScreenshot_takieScrrenshot_byClass_SKIP1_exception')">org.testng.SkipException: 
                     Skipped screenshot test
                     
                  </a>
                   
                  
               </td>
            </tr>
            <tr>
               <td colspan="4" class="detailsBox">
                  <div id="com.orangehrm.testsuite.TakingScreenshot_takieScrrenshot_byClass_SKIP1_details"
                       class="testMethodDetails">
                     <div>
                        <b>Name: </b>takieScrrenshot
                     </div>
                     <div>
                        <b>Signature: </b>takieScrrenshot()[pri:0, instance:com.orangehrm.testsuite.TakingScreenshot@70984b95]
                     </div>
                     <div>
                        <b>Start time: </b>23:37:11
                     </div>
                     <div>
                        <b>End time: </b>23:37:11
                     </div>
                     <div>
                        <b>Duration: </b>35 ms
                        
                     </div>
                  </div>
               </td>
            </tr>
            <tr>
               <td colspan="4" class="detailsBox">
                  <div id="com.orangehrm.testsuite.TakingScreenshot_takieScrrenshot_byClass_SKIP1_exception"
                       class="testMethodDetails">
                     <pre style="padding: 5px; margin: 0;">org.testng.SkipException: Skipped screenshot test
                        	at com.orangehrm.testsuite.TakingScreenshot.takieScrrenshot(TakingScreenshot.java:16)
                        	at sun.reflect.NativeMethodAccessorImpl.invoke0(Native Method)
                        	at sun.reflect.NativeMethodAccessorImpl.invoke(Unknown Source)
                        	at sun.reflect.DelegatingMethodAccessorImpl.invoke(Unknown Source)
                        	at java.lang.reflect.Method.invoke(Unknown Source)
                        	at org.testng.internal.MethodInvocationHelper.invokeMethod(MethodInvocationHelper.java:84)
                        	at org.testng.internal.Invoker.invokeMethod(Invoker.java:714)
                        	at org.testng.internal.Invoker.invokeTestMethod(Invoker.java:901)
                        	at org.testng.internal.Invoker.invokeTestMethods(Invoker.java:1231)
                        	at org.testng.internal.TestMethodWorker.invokeTestMethods(TestMethodWorker.java:127)
                        	at org.testng.internal.TestMethodWorker.run(TestMethodWorker.java:111)
                        	at org.testng.TestRunner.privateRun(TestRunner.java:767)
                        	at org.testng.TestRunner.run(TestRunner.java:617)
                        	at org.testng.SuiteRunner.runTest(SuiteRunner.java:334)
                        	at org.testng.SuiteRunner.access$000(SuiteRunner.java:37)
                        	at org.testng.SuiteRunner$SuiteWorker.run(SuiteRunner.java:368)
                        	at org.testng.internal.thread.ThreadUtil$2.call(ThreadUtil.java:64)
                        	at java.util.concurrent.FutureTask.run(Unknown Source)
                        	at java.util.concurrent.ThreadPoolExecutor.runWorker(Unknown Source)
                        	at java.util.concurrent.ThreadPoolExecutor$Worker.run(Unknown Source)
                        	at java.lang.Thread.run(Unknown Source)
                     </pre>
                  </div>
               </td>
            </tr>
         </table>
         <br></br>
         <table class="testMethodsTable" cellpadding="0" cellspacing="0">
            <tr>
               <td colspan="4">
                  <h3 style="display: inline;">com.orangehrm.testsuite.TakingScreenshot</h3>
               </td>
            </tr>
            <tr class="methodsTableHeader">
               <td width="100%">Name</td>
               <td nowrap="true">Started</td>
               <td nowrap="true">Duration</td>
               <td>Exception</td>
            </tr>
            <tr id="com.orangehrm.testsuite.TakingScreenshot_takieScrrenshot_byClass_SKIP1_row"
                class="testMethodStatusSKIP">
               <td width="100%" class="firstMethodCell">
                  <a onclick="toggleDetailsVisibility('com.orangehrm.testsuite.TakingScreenshot_takieScrrenshot_byClass_SKIP1_details')">takieScrrenshot()</a>
               </td>
               <td nowrap="true">23:37:21</td>
               <td nowrap="true" align="right">54 ms
                  
               </td>
               <td nowrap="true">
                  <a onclick="toggleDetailsVisibility('com.orangehrm.testsuite.TakingScreenshot_takieScrrenshot_byClass_SKIP1_exception')">org.testng.SkipException: 
                     Skipped screenshot test
                     
                  </a>
                   
                  
               </td>
            </tr>
            <tr>
               <td colspan="4" class="detailsBox">
                  <div id="com.orangehrm.testsuite.TakingScreenshot_takieScrrenshot_byClass_SKIP1_details"
                       class="testMethodDetails">
                     <div>
                        <b>Name: </b>takieScrrenshot
                     </div>
                     <div>
                        <b>Signature: </b>takieScrrenshot()[pri:0, instance:com.orangehrm.testsuite.TakingScreenshot@5d7b6249]
                     </div>
                     <div>
                        <b>Start time: </b>23:37:21
                     </div>
                     <div>
                        <b>End time: </b>23:37:21
                     </div>
                     <div>
                        <b>Duration: </b>54 ms
                        
                     </div>
                  </div>
               </td>
            </tr>
            <tr>
               <td colspan="4" class="detailsBox">
                  <div id="com.orangehrm.testsuite.TakingScreenshot_takieScrrenshot_byClass_SKIP1_exception"
                       class="testMethodDetails">
                     <pre style="padding: 5px; margin: 0;">org.testng.SkipException: Skipped screenshot test
                        	at com.orangehrm.testsuite.TakingScreenshot.takieScrrenshot(TakingScreenshot.java:16)
                        	at sun.reflect.NativeMethodAccessorImpl.invoke0(Native Method)
                        	at sun.reflect.NativeMethodAccessorImpl.invoke(Unknown Source)
                        	at sun.reflect.DelegatingMethodAccessorImpl.invoke(Unknown Source)
                        	at java.lang.reflect.Method.invoke(Unknown Source)
                        	at org.testng.internal.MethodInvocationHelper.invokeMethod(MethodInvocationHelper.java:84)
                        	at org.testng.internal.Invoker.invokeMethod(Invoker.java:714)
                        	at org.testng.internal.Invoker.invokeTestMethod(Invoker.java:901)
                        	at org.testng.internal.Invoker.invokeTestMethods(Invoker.java:1231)
                        	at org.testng.internal.TestMethodWorker.invokeTestMethods(TestMethodWorker.java:127)
                        	at org.testng.internal.TestMethodWorker.run(TestMethodWorker.java:111)
                        	at org.testng.TestRunner.privateRun(TestRunner.java:767)
                        	at org.testng.TestRunner.run(TestRunner.java:617)
                        	at org.testng.SuiteRunner.runTest(SuiteRunner.java:334)
                        	at org.testng.SuiteRunner.access$000(SuiteRunner.java:37)
                        	at org.testng.SuiteRunner$SuiteWorker.run(SuiteRunner.java:368)
                        	at org.testng.internal.thread.ThreadUtil$2.call(ThreadUtil.java:64)
                        	at java.util.concurrent.FutureTask.run(Unknown Source)
                        	at java.util.concurrent.ThreadPoolExecutor.runWorker(Unknown Source)
                        	at java.util.concurrent.ThreadPoolExecutor$Worker.run(Unknown Source)
                        	at java.lang.Thread.run(Unknown Source)
                     </pre>
                  </div>
               </td>
            </tr>
         </table>
         <br></br>
      </div>
      <div style="margin-top: 15px; color: gray; text-align: center; font-size: 9px;">
         Generated with
         
         <a href="http://code.google.com/p/testng-xslt/" style="color: #8888aa;"
            target="_blank">
            TestNG XSLT
            
         </a>
      </div>
   </body>
</html>